[2016-02-22 06:12:34] main.DEBUG: cache_invalidate:  {"method":"POST","url":"http://localhost/magento/setup/index.php/install/start","invalidateInfo":{"tags":["CONFIG"],"mode":"matchingTag"},"is_exception":false} []
[2016-02-22 06:12:34] main.DEBUG: cache_invalidate:  {"method":"POST","url":"http://localhost/magento/setup/index.php/install/start","invalidateInfo":{"tags":["LAYOUT_GENERAL_CACHE_TAG"],"mode":"matchingTag"},"is_exception":false} []
[2016-02-22 06:12:34] main.DEBUG: cache_invalidate:  {"method":"POST","url":"http://localhost/magento/setup/index.php/install/start","invalidateInfo":{"tags":["BLOCK_HTML"],"mode":"matchingTag"},"is_exception":false} []
[2016-02-22 06:12:34] main.DEBUG: cache_invalidate:  {"method":"POST","url":"http://localhost/magento/setup/index.php/install/start","invalidateInfo":{"tags":["COLLECTION_DATA"],"mode":"matchingTag"},"is_exception":false} []
[2016-02-22 06:12:34] main.DEBUG: cache_invalidate:  {"method":"POST","url":"http://localhost/magento/setup/index.php/install/start","invalidateInfo":{"tags":["REFLECTION"],"mode":"matchingTag"},"is_exception":false} []
[2016-02-22 06:12:34] main.DEBUG: cache_invalidate:  {"method":"POST","url":"http://localhost/magento/setup/index.php/install/start","invalidateInfo":{"tags":["DB_DDL"],"mode":"matchingTag"},"is_exception":false} []
[2016-02-22 06:12:34] main.DEBUG: cache_invalidate:  {"method":"POST","url":"http://localhost/magento/setup/index.php/install/start","invalidateInfo":{"tags":["EAV"],"mode":"matchingTag"},"is_exception":false} []
[2016-02-22 06:12:34] main.DEBUG: cache_invalidate:  {"method":"POST","url":"http://localhost/magento/setup/index.php/install/start","invalidateInfo":{"tags":["INTEGRATION"],"mode":"matchingTag"},"is_exception":false} []
[2016-02-22 06:12:34] main.DEBUG: cache_invalidate:  {"method":"POST","url":"http://localhost/magento/setup/index.php/install/start","invalidateInfo":{"tags":["INTEGRATION_API_CONFIG"],"mode":"matchingTag"},"is_exception":false} []
[2016-02-22 06:12:34] main.DEBUG: cache_invalidate:  {"method":"POST","url":"http://localhost/magento/setup/index.php/install/start","invalidateInfo":{"tags":["FPC"],"mode":"matchingTag"},"is_exception":false} []
[2016-02-22 06:12:34] main.DEBUG: cache_invalidate:  {"method":"POST","url":"http://localhost/magento/setup/index.php/install/start","invalidateInfo":{"tags":["TRANSLATE"],"mode":"matchingTag"},"is_exception":false} []
[2016-02-22 06:12:34] main.DEBUG: cache_invalidate:  {"method":"POST","url":"http://localhost/magento/setup/index.php/install/start","invalidateInfo":{"tags":["WEBSERVICE"],"mode":"matchingTag"},"is_exception":false} []
[2016-02-22 06:12:54] main.DEBUG: cache_invalidate:  {"method":"POST","url":"http://localhost/magento/setup/index.php/session/prolong","invalidateInfo":{"tags":["interception","CONFIG"],"mode":"matchingTag"},"is_exception":false} []
[2016-02-22 06:12:56] main.DEBUG: cache_invalidate:  {"method":"POST","url":"http://localhost/magento/setup/index.php/session/prolong","invalidateInfo":{"tags":["interception","CONFIG"],"mode":"matchingTag"},"is_exception":false} []
[2016-02-22 06:13:26] main.DEBUG: cache_invalidate:  {"method":"POST","url":"http://localhost/magento/setup/index.php/install/start","invalidateInfo":{"tags":["EAV"],"mode":"matchingAnyTag"},"is_exception":false} []
[2016-02-22 06:13:37] main.DEBUG: cache_invalidate:  {"method":"POST","url":"http://localhost/magento/setup/index.php/install/start","invalidateInfo":{"tags":["EAV","EAV_ATTRIBUTE"],"mode":"matchingAnyTag"},"is_exception":false} []
[2016-02-22 06:13:37] main.DEBUG: cache_invalidate:  {"method":"POST","url":"http://localhost/magento/setup/index.php/install/start","invalidateInfo":{"tags":["EAV_ATTRIBUTE"],"mode":"matchingAnyTag"},"is_exception":false} []
[2016-02-22 06:13:37] main.DEBUG: cache_invalidate:  {"method":"POST","url":"http://localhost/magento/setup/index.php/install/start","invalidateInfo":{"tags":["EAV_ATTRIBUTE_21","EAV_ATTRIBUTE"],"mode":"matchingAnyTag"},"is_exception":false} []
[2016-02-22 06:13:37] main.DEBUG: cache_invalidate:  {"method":"POST","url":"http://localhost/magento/setup/index.php/install/start","invalidateInfo":{"tags":["EAV_ATTRIBUTE_21","EAV_ATTRIBUTE"],"mode":"matchingAnyTag"},"is_exception":false} []
[2016-02-22 06:13:38] main.DEBUG: cache_invalidate:  {"method":"POST","url":"http://localhost/magento/setup/index.php/install/start","invalidateInfo":{"tags":["EAV","EAV_ATTRIBUTE"],"mode":"matchingAnyTag"},"is_exception":false} []
[2016-02-22 06:13:38] main.DEBUG: cache_invalidate:  {"method":"POST","url":"http://localhost/magento/setup/index.php/install/start","invalidateInfo":{"tags":["EAV_ATTRIBUTE"],"mode":"matchingAnyTag"},"is_exception":false} []
[2016-02-22 06:13:38] main.DEBUG: cache_invalidate:  {"method":"POST","url":"http://localhost/magento/setup/index.php/install/start","invalidateInfo":{"tags":["EAV_ATTRIBUTE_36","EAV_ATTRIBUTE"],"mode":"matchingAnyTag"},"is_exception":false} []
[2016-02-22 06:13:39] main.DEBUG: cache_invalidate:  {"method":"POST","url":"http://localhost/magento/setup/index.php/install/start","invalidateInfo":{"tags":["EAV_ATTRIBUTE_36","EAV_ATTRIBUTE"],"mode":"matchingAnyTag"},"is_exception":false} []
[2016-02-22 06:13:39] main.DEBUG: cache_invalidate:  {"method":"POST","url":"http://localhost/magento/setup/index.php/install/start","invalidateInfo":{"tags":["EAV","EAV_ATTRIBUTE"],"mode":"matchingAnyTag"},"is_exception":false} []
[2016-02-22 06:13:39] main.DEBUG: cache_invalidate:  {"method":"POST","url":"http://localhost/magento/setup/index.php/install/start","invalidateInfo":{"tags":["EAV_ATTRIBUTE"],"mode":"matchingAnyTag"},"is_exception":false} []
[2016-02-22 06:13:39] main.DEBUG: cache_invalidate:  {"method":"POST","url":"http://localhost/magento/setup/index.php/install/start","invalidateInfo":{"tags":["EAV_ATTRIBUTE_1","EAV_ATTRIBUTE"],"mode":"matchingAnyTag"},"is_exception":false} []
[2016-02-22 06:13:40] main.DEBUG: cache_invalidate:  {"method":"POST","url":"http://localhost/magento/setup/index.php/install/start","invalidateInfo":{"tags":["EAV_ATTRIBUTE_1","EAV_ATTRIBUTE"],"mode":"matchingAnyTag"},"is_exception":false} []
[2016-02-22 06:13:40] main.DEBUG: cache_invalidate:  {"method":"POST","url":"http://localhost/magento/setup/index.php/install/start","invalidateInfo":{"tags":["EAV","EAV_ATTRIBUTE"],"mode":"matchingAnyTag"},"is_exception":false} []
[2016-02-22 06:13:40] main.DEBUG: cache_invalidate:  {"method":"POST","url":"http://localhost/magento/setup/index.php/install/start","invalidateInfo":{"tags":["EAV_ATTRIBUTE"],"mode":"matchingAnyTag"},"is_exception":false} []
[2016-02-22 06:13:40] main.DEBUG: cache_invalidate:  {"method":"POST","url":"http://localhost/magento/setup/index.php/install/start","invalidateInfo":{"tags":["EAV_ATTRIBUTE_3","EAV_ATTRIBUTE"],"mode":"matchingAnyTag"},"is_exception":false} []
[2016-02-22 06:13:40] main.DEBUG: cache_invalidate:  {"method":"POST","url":"http://localhost/magento/setup/index.php/install/start","invalidateInfo":{"tags":["EAV_ATTRIBUTE_3","EAV_ATTRIBUTE"],"mode":"matchingAnyTag"},"is_exception":false} []
[2016-02-22 06:13:40] main.DEBUG: cache_invalidate:  {"method":"POST","url":"http://localhost/magento/setup/index.php/install/start","invalidateInfo":{"tags":["EAV","EAV_ATTRIBUTE"],"mode":"matchingAnyTag"},"is_exception":false} []
[2016-02-22 06:13:40] main.DEBUG: cache_invalidate:  {"method":"POST","url":"http://localhost/magento/setup/index.php/install/start","invalidateInfo":{"tags":["EAV_ATTRIBUTE"],"mode":"matchingAnyTag"},"is_exception":false} []
[2016-02-22 06:13:40] main.DEBUG: cache_invalidate:  {"method":"POST","url":"http://localhost/magento/setup/index.php/install/start","invalidateInfo":{"tags":["EAV_ATTRIBUTE_9","EAV_ATTRIBUTE"],"mode":"matchingAnyTag"},"is_exception":false} []
[2016-02-22 06:13:40] main.DEBUG: cache_invalidate:  {"method":"POST","url":"http://localhost/magento/setup/index.php/install/start","invalidateInfo":{"tags":["EAV_ATTRIBUTE_9","EAV_ATTRIBUTE"],"mode":"matchingAnyTag"},"is_exception":false} []
[2016-02-22 06:13:40] main.DEBUG: cache_invalidate:  {"method":"POST","url":"http://localhost/magento/setup/index.php/install/start","invalidateInfo":{"tags":["EAV","EAV_ATTRIBUTE"],"mode":"matchingAnyTag"},"is_exception":false} []
[2016-02-22 06:13:40] main.DEBUG: cache_invalidate:  {"method":"POST","url":"http://localhost/magento/setup/index.php/install/start","invalidateInfo":{"tags":["EAV_ATTRIBUTE"],"mode":"matchingAnyTag"},"is_exception":false} []
[2016-02-22 06:13:40] main.DEBUG: cache_invalidate:  {"method":"POST","url":"http://localhost/magento/setup/index.php/install/start","invalidateInfo":{"tags":["EAV_ATTRIBUTE_10","EAV_ATTRIBUTE"],"mode":"matchingAnyTag"},"is_exception":false} []
[2016-02-22 06:13:40] main.DEBUG: cache_invalidate:  {"method":"POST","url":"http://localhost/magento/setup/index.php/install/start","invalidateInfo":{"tags":["EAV_ATTRIBUTE_10","EAV_ATTRIBUTE"],"mode":"matchingAnyTag"},"is_exception":false} []
[2016-02-22 06:13:41] main.DEBUG: cache_invalidate:  {"method":"POST","url":"http://localhost/magento/setup/index.php/install/start","invalidateInfo":{"tags":["EAV","EAV_ATTRIBUTE"],"mode":"matchingAnyTag"},"is_exception":false} []
[2016-02-22 06:13:41] main.DEBUG: cache_invalidate:  {"method":"POST","url":"http://localhost/magento/setup/index.php/install/start","invalidateInfo":{"tags":["EAV_ATTRIBUTE"],"mode":"matchingAnyTag"},"is_exception":false} []
[2016-02-22 06:13:41] main.DEBUG: cache_invalidate:  {"method":"POST","url":"http://localhost/magento/setup/index.php/install/start","invalidateInfo":{"tags":["EAV_ATTRIBUTE_11","EAV_ATTRIBUTE"],"mode":"matchingAnyTag"},"is_exception":false} []
[2016-02-22 06:13:41] main.DEBUG: cache_invalidate:  {"method":"POST","url":"http://localhost/magento/setup/index.php/install/start","invalidateInfo":{"tags":["EAV_ATTRIBUTE_11","EAV_ATTRIBUTE"],"mode":"matchingAnyTag"},"is_exception":false} []
[2016-02-22 06:13:41] main.DEBUG: cache_invalidate:  {"method":"POST","url":"http://localhost/magento/setup/index.php/install/start","invalidateInfo":{"tags":["EAV","EAV_ATTRIBUTE"],"mode":"matchingAnyTag"},"is_exception":false} []
[2016-02-22 06:13:41] main.DEBUG: cache_invalidate:  {"method":"POST","url":"http://localhost/magento/setup/index.php/install/start","invalidateInfo":{"tags":["EAV_ATTRIBUTE"],"mode":"matchingAnyTag"},"is_exception":false} []
[2016-02-22 06:13:41] main.DEBUG: cache_invalidate:  {"method":"POST","url":"http://localhost/magento/setup/index.php/install/start","invalidateInfo":{"tags":["EAV_ATTRIBUTE_17","EAV_ATTRIBUTE"],"mode":"matchingAnyTag"},"is_exception":false} []
[2016-02-22 06:13:41] main.DEBUG: cache_invalidate:  {"method":"POST","url":"http://localhost/magento/setup/index.php/install/start","invalidateInfo":{"tags":["EAV_ATTRIBUTE_17","EAV_ATTRIBUTE"],"mode":"matchingAnyTag"},"is_exception":false} []
[2016-02-22 06:13:41] main.DEBUG: cache_invalidate:  {"method":"POST","url":"http://localhost/magento/setup/index.php/install/start","invalidateInfo":{"tags":["EAV","EAV_ATTRIBUTE"],"mode":"matchingAnyTag"},"is_exception":false} []
[2016-02-22 06:13:41] main.DEBUG: cache_invalidate:  {"method":"POST","url":"http://localhost/magento/setup/index.php/install/start","invalidateInfo":{"tags":["EAV_ATTRIBUTE"],"mode":"matchingAnyTag"},"is_exception":false} []
[2016-02-22 06:13:41] main.DEBUG: cache_invalidate:  {"method":"POST","url":"http://localhost/magento/setup/index.php/install/start","invalidateInfo":{"tags":["EAV_ATTRIBUTE_18","EAV_ATTRIBUTE"],"mode":"matchingAnyTag"},"is_exception":false} []
[2016-02-22 06:13:41] main.DEBUG: cache_invalidate:  {"method":"POST","url":"http://localhost/magento/setup/index.php/install/start","invalidateInfo":{"tags":["EAV_ATTRIBUTE_18","EAV_ATTRIBUTE"],"mode":"matchingAnyTag"},"is_exception":false} []
[2016-02-22 06:13:41] main.DEBUG: cache_invalidate:  {"method":"POST","url":"http://localhost/magento/setup/index.php/install/start","invalidateInfo":{"tags":["EAV","EAV_ATTRIBUTE"],"mode":"matchingAnyTag"},"is_exception":false} []
[2016-02-22 06:13:41] main.DEBUG: cache_invalidate:  {"method":"POST","url":"http://localhost/magento/setup/index.php/install/start","invalidateInfo":{"tags":["EAV_ATTRIBUTE"],"mode":"matchingAnyTag"},"is_exception":false} []
[2016-02-22 06:13:41] main.DEBUG: cache_invalidate:  {"method":"POST","url":"http://localhost/magento/setup/index.php/install/start","invalidateInfo":{"tags":["EAV_ATTRIBUTE_19","EAV_ATTRIBUTE"],"mode":"matchingAnyTag"},"is_exception":false} []
[2016-02-22 06:13:41] main.DEBUG: cache_invalidate:  {"method":"POST","url":"http://localhost/magento/setup/index.php/install/start","invalidateInfo":{"tags":["EAV_ATTRIBUTE_19","EAV_ATTRIBUTE"],"mode":"matchingAnyTag"},"is_exception":false} []
[2016-02-22 06:13:41] main.DEBUG: cache_invalidate:  {"method":"POST","url":"http://localhost/magento/setup/index.php/install/start","invalidateInfo":{"tags":["EAV","EAV_ATTRIBUTE"],"mode":"matchingAnyTag"},"is_exception":false} []
[2016-02-22 06:13:41] main.DEBUG: cache_invalidate:  {"method":"POST","url":"http://localhost/magento/setup/index.php/install/start","invalidateInfo":{"tags":["EAV_ATTRIBUTE"],"mode":"matchingAnyTag"},"is_exception":false} []
[2016-02-22 06:13:41] main.DEBUG: cache_invalidate:  {"method":"POST","url":"http://localhost/magento/setup/index.php/install/start","invalidateInfo":{"tags":["EAV_ATTRIBUTE_20","EAV_ATTRIBUTE"],"mode":"matchingAnyTag"},"is_exception":false} []
[2016-02-22 06:13:42] main.DEBUG: cache_invalidate:  {"method":"POST","url":"http://localhost/magento/setup/index.php/install/start","invalidateInfo":{"tags":["EAV_ATTRIBUTE_20","EAV_ATTRIBUTE"],"mode":"matchingAnyTag"},"is_exception":false} []
[2016-02-22 06:13:42] main.DEBUG: cache_invalidate:  {"method":"POST","url":"http://localhost/magento/setup/index.php/install/start","invalidateInfo":{"tags":["EAV","EAV_ATTRIBUTE"],"mode":"matchingAnyTag"},"is_exception":false} []
[2016-02-22 06:13:42] main.DEBUG: cache_invalidate:  {"method":"POST","url":"http://localhost/magento/setup/index.php/install/start","invalidateInfo":{"tags":["EAV_ATTRIBUTE"],"mode":"matchingAnyTag"},"is_exception":false} []
[2016-02-22 06:13:42] main.DEBUG: cache_invalidate:  {"method":"POST","url":"http://localhost/magento/setup/index.php/install/start","invalidateInfo":{"tags":["EAV_ATTRIBUTE_27","EAV_ATTRIBUTE"],"mode":"matchingAnyTag"},"is_exception":false} []
[2016-02-22 06:13:42] main.DEBUG: cache_invalidate:  {"method":"POST","url":"http://localhost/magento/setup/index.php/install/start","invalidateInfo":{"tags":["EAV_ATTRIBUTE_27","EAV_ATTRIBUTE"],"mode":"matchingAnyTag"},"is_exception":false} []
[2016-02-22 06:13:42] main.DEBUG: cache_invalidate:  {"method":"POST","url":"http://localhost/magento/setup/index.php/install/start","invalidateInfo":{"tags":["EAV","EAV_ATTRIBUTE"],"mode":"matchingAnyTag"},"is_exception":false} []
[2016-02-22 06:13:42] main.DEBUG: cache_invalidate:  {"method":"POST","url":"http://localhost/magento/setup/index.php/install/start","invalidateInfo":{"tags":["EAV_ATTRIBUTE"],"mode":"matchingAnyTag"},"is_exception":false} []
[2016-02-22 06:13:42] main.DEBUG: cache_invalidate:  {"method":"POST","url":"http://localhost/magento/setup/index.php/install/start","invalidateInfo":{"tags":["EAV_ATTRIBUTE_28","EAV_ATTRIBUTE"],"mode":"matchingAnyTag"},"is_exception":false} []
[2016-02-22 06:13:42] main.DEBUG: cache_invalidate:  {"method":"POST","url":"http://localhost/magento/setup/index.php/install/start","invalidateInfo":{"tags":["EAV_ATTRIBUTE_28","EAV_ATTRIBUTE"],"mode":"matchingAnyTag"},"is_exception":false} []
[2016-02-22 06:13:42] main.DEBUG: cache_invalidate:  {"method":"POST","url":"http://localhost/magento/setup/index.php/install/start","invalidateInfo":{"tags":["EAV","EAV_ATTRIBUTE"],"mode":"matchingAnyTag"},"is_exception":false} []
[2016-02-22 06:13:42] main.DEBUG: cache_invalidate:  {"method":"POST","url":"http://localhost/magento/setup/index.php/install/start","invalidateInfo":{"tags":["EAV_ATTRIBUTE"],"mode":"matchingAnyTag"},"is_exception":false} []
[2016-02-22 06:13:42] main.DEBUG: cache_invalidate:  {"method":"POST","url":"http://localhost/magento/setup/index.php/install/start","invalidateInfo":{"tags":["EAV_ATTRIBUTE_29","EAV_ATTRIBUTE"],"mode":"matchingAnyTag"},"is_exception":false} []
[2016-02-22 06:13:42] main.DEBUG: cache_invalidate:  {"method":"POST","url":"http://localhost/magento/setup/index.php/install/start","invalidateInfo":{"tags":["EAV_ATTRIBUTE_29","EAV_ATTRIBUTE"],"mode":"matchingAnyTag"},"is_exception":false} []
[2016-02-22 06:13:42] main.DEBUG: cache_invalidate:  {"method":"POST","url":"http://localhost/magento/setup/index.php/install/start","invalidateInfo":{"tags":["EAV","EAV_ATTRIBUTE"],"mode":"matchingAnyTag"},"is_exception":false} []
[2016-02-22 06:13:42] main.DEBUG: cache_invalidate:  {"method":"POST","url":"http://localhost/magento/setup/index.php/install/start","invalidateInfo":{"tags":["EAV_ATTRIBUTE"],"mode":"matchingAnyTag"},"is_exception":false} []
[2016-02-22 06:13:42] main.DEBUG: cache_invalidate:  {"method":"POST","url":"http://localhost/magento/setup/index.php/install/start","invalidateInfo":{"tags":["EAV_ATTRIBUTE_30","EAV_ATTRIBUTE"],"mode":"matchingAnyTag"},"is_exception":false} []
[2016-02-22 06:13:42] main.DEBUG: cache_invalidate:  {"method":"POST","url":"http://localhost/magento/setup/index.php/install/start","invalidateInfo":{"tags":["EAV_ATTRIBUTE_30","EAV_ATTRIBUTE"],"mode":"matchingAnyTag"},"is_exception":false} []
[2016-02-22 06:13:42] main.DEBUG: cache_invalidate:  {"method":"POST","url":"http://localhost/magento/setup/index.php/install/start","invalidateInfo":{"tags":["EAV","EAV_ATTRIBUTE"],"mode":"matchingAnyTag"},"is_exception":false} []
[2016-02-22 06:13:42] main.DEBUG: cache_invalidate:  {"method":"POST","url":"http://localhost/magento/setup/index.php/install/start","invalidateInfo":{"tags":["EAV_ATTRIBUTE"],"mode":"matchingAnyTag"},"is_exception":false} []
[2016-02-22 06:13:42] main.DEBUG: cache_invalidate:  {"method":"POST","url":"http://localhost/magento/setup/index.php/install/start","invalidateInfo":{"tags":["EAV_ATTRIBUTE_31","EAV_ATTRIBUTE"],"mode":"matchingAnyTag"},"is_exception":false} []
[2016-02-22 06:13:42] main.DEBUG: cache_invalidate:  {"method":"POST","url":"http://localhost/magento/setup/index.php/install/start","invalidateInfo":{"tags":["EAV_ATTRIBUTE_31","EAV_ATTRIBUTE"],"mode":"matchingAnyTag"},"is_exception":false} []
[2016-02-22 06:13:43] main.DEBUG: cache_invalidate:  {"method":"POST","url":"http://localhost/magento/setup/index.php/install/start","invalidateInfo":{"tags":["EAV","EAV_ATTRIBUTE"],"mode":"matchingAnyTag"},"is_exception":false} []
[2016-02-22 06:13:43] main.DEBUG: cache_invalidate:  {"method":"POST","url":"http://localhost/magento/setup/index.php/install/start","invalidateInfo":{"tags":["EAV_ATTRIBUTE"],"mode":"matchingAnyTag"},"is_exception":false} []
[2016-02-22 06:13:43] main.DEBUG: cache_invalidate:  {"method":"POST","url":"http://localhost/magento/setup/index.php/install/start","invalidateInfo":{"tags":["EAV_ATTRIBUTE_32","EAV_ATTRIBUTE"],"mode":"matchingAnyTag"},"is_exception":false} []
[2016-02-22 06:13:43] main.DEBUG: cache_invalidate:  {"method":"POST","url":"http://localhost/magento/setup/index.php/install/start","invalidateInfo":{"tags":["EAV_ATTRIBUTE_32","EAV_ATTRIBUTE"],"mode":"matchingAnyTag"},"is_exception":false} []
[2016-02-22 06:13:43] main.DEBUG: cache_invalidate:  {"method":"POST","url":"http://localhost/magento/setup/index.php/install/start","invalidateInfo":{"tags":["EAV","EAV_ATTRIBUTE"],"mode":"matchingAnyTag"},"is_exception":false} []
[2016-02-22 06:13:43] main.DEBUG: cache_invalidate:  {"method":"POST","url":"http://localhost/magento/setup/index.php/install/start","invalidateInfo":{"tags":["EAV_ATTRIBUTE"],"mode":"matchingAnyTag"},"is_exception":false} []
[2016-02-22 06:13:43] main.DEBUG: cache_invalidate:  {"method":"POST","url":"http://localhost/magento/setup/index.php/install/start","invalidateInfo":{"tags":["EAV_ATTRIBUTE_33","EAV_ATTRIBUTE"],"mode":"matchingAnyTag"},"is_exception":false} []
[2016-02-22 06:13:43] main.DEBUG: cache_invalidate:  {"method":"POST","url":"http://localhost/magento/setup/index.php/install/start","invalidateInfo":{"tags":["EAV_ATTRIBUTE_33","EAV_ATTRIBUTE"],"mode":"matchingAnyTag"},"is_exception":false} []
[2016-02-22 06:13:43] main.DEBUG: cache_invalidate:  {"method":"POST","url":"http://localhost/magento/setup/index.php/install/start","invalidateInfo":{"tags":["EAV","EAV_ATTRIBUTE"],"mode":"matchingAnyTag"},"is_exception":false} []
[2016-02-22 06:13:43] main.DEBUG: cache_invalidate:  {"method":"POST","url":"http://localhost/magento/setup/index.php/install/start","invalidateInfo":{"tags":["EAV_ATTRIBUTE"],"mode":"matchingAnyTag"},"is_exception":false} []
[2016-02-22 06:13:43] main.DEBUG: cache_invalidate:  {"method":"POST","url":"http://localhost/magento/setup/index.php/install/start","invalidateInfo":{"tags":["EAV_ATTRIBUTE_34","EAV_ATTRIBUTE"],"mode":"matchingAnyTag"},"is_exception":false} []
[2016-02-22 06:13:43] main.DEBUG: cache_invalidate:  {"method":"POST","url":"http://localhost/magento/setup/index.php/install/start","invalidateInfo":{"tags":["EAV_ATTRIBUTE_34","EAV_ATTRIBUTE"],"mode":"matchingAnyTag"},"is_exception":false} []
[2016-02-22 06:13:43] main.DEBUG: cache_invalidate:  {"method":"POST","url":"http://localhost/magento/setup/index.php/install/start","invalidateInfo":{"tags":["EAV","EAV_ATTRIBUTE"],"mode":"matchingAnyTag"},"is_exception":false} []
[2016-02-22 06:13:43] main.DEBUG: cache_invalidate:  {"method":"POST","url":"http://localhost/magento/setup/index.php/install/start","invalidateInfo":{"tags":["EAV_ATTRIBUTE"],"mode":"matchingAnyTag"},"is_exception":false} []
[2016-02-22 06:13:43] main.DEBUG: cache_invalidate:  {"method":"POST","url":"http://localhost/magento/setup/index.php/install/start","invalidateInfo":{"tags":["EAV_ATTRIBUTE_35","EAV_ATTRIBUTE"],"mode":"matchingAnyTag"},"is_exception":false} []
[2016-02-22 06:13:43] main.DEBUG: cache_invalidate:  {"method":"POST","url":"http://localhost/magento/setup/index.php/install/start","invalidateInfo":{"tags":["EAV_ATTRIBUTE_35","EAV_ATTRIBUTE"],"mode":"matchingAnyTag"},"is_exception":false} []
[2016-02-22 06:13:43] main.DEBUG: cache_invalidate:  {"method":"POST","url":"http://localhost/magento/setup/index.php/install/start","invalidateInfo":{"tags":["EAV","EAV_ATTRIBUTE"],"mode":"matchingAnyTag"},"is_exception":false} []
[2016-02-22 06:13:43] main.DEBUG: cache_invalidate:  {"method":"POST","url":"http://localhost/magento/setup/index.php/install/start","invalidateInfo":{"tags":["EAV_ATTRIBUTE"],"mode":"matchingAnyTag"},"is_exception":false} []
[2016-02-22 06:13:43] main.DEBUG: cache_invalidate:  {"method":"POST","url":"http://localhost/magento/setup/index.php/install/start","invalidateInfo":{"tags":["EAV_ATTRIBUTE_32","EAV_ATTRIBUTE"],"mode":"matchingAnyTag"},"is_exception":false} []
[2016-02-22 06:13:43] main.DEBUG: cache_invalidate:  {"method":"POST","url":"http://localhost/magento/setup/index.php/install/start","invalidateInfo":{"tags":["EAV_ATTRIBUTE_32","EAV_ATTRIBUTE"],"mode":"matchingAnyTag"},"is_exception":false} []
[2016-02-22 06:13:44] main.DEBUG: cache_invalidate:  {"method":"POST","url":"http://localhost/magento/setup/index.php/install/start","invalidateInfo":{"tags":["EAV","EAV_ATTRIBUTE"],"mode":"matchingAnyTag"},"is_exception":false} []
[2016-02-22 06:13:44] main.DEBUG: cache_invalidate:  {"method":"POST","url":"http://localhost/magento/setup/index.php/install/start","invalidateInfo":{"tags":["EAV_ATTRIBUTE"],"mode":"matchingAnyTag"},"is_exception":false} []
[2016-02-22 06:13:44] main.DEBUG: cache_invalidate:  {"method":"POST","url":"http://localhost/magento/setup/index.php/install/start","invalidateInfo":{"tags":["EAV_ATTRIBUTE_23","EAV_ATTRIBUTE"],"mode":"matchingAnyTag"},"is_exception":false} []
[2016-02-22 06:13:44] main.DEBUG: cache_invalidate:  {"method":"POST","url":"http://localhost/magento/setup/index.php/install/start","invalidateInfo":{"tags":["EAV_ATTRIBUTE_23","EAV_ATTRIBUTE"],"mode":"matchingAnyTag"},"is_exception":false} []
[2016-02-22 06:13:44] main.DEBUG: cache_invalidate:  {"method":"POST","url":"http://localhost/magento/setup/index.php/install/start","invalidateInfo":{"tags":["EAV","EAV_ATTRIBUTE"],"mode":"matchingAnyTag"},"is_exception":false} []
[2016-02-22 06:13:44] main.DEBUG: cache_invalidate:  {"method":"POST","url":"http://localhost/magento/setup/index.php/install/start","invalidateInfo":{"tags":["EAV_ATTRIBUTE"],"mode":"matchingAnyTag"},"is_exception":false} []
[2016-02-22 06:13:44] main.DEBUG: cache_invalidate:  {"method":"POST","url":"http://localhost/magento/setup/index.php/install/start","invalidateInfo":{"tags":["EAV_ATTRIBUTE_25","EAV_ATTRIBUTE"],"mode":"matchingAnyTag"},"is_exception":false} []
[2016-02-22 06:13:44] main.DEBUG: cache_invalidate:  {"method":"POST","url":"http://localhost/magento/setup/index.php/install/start","invalidateInfo":{"tags":["EAV_ATTRIBUTE_25","EAV_ATTRIBUTE"],"mode":"matchingAnyTag"},"is_exception":false} []
[2016-02-22 06:13:44] main.DEBUG: cache_invalidate:  {"method":"POST","url":"http://localhost/magento/setup/index.php/install/start","invalidateInfo":{"tags":["EAV","EAV_ATTRIBUTE"],"mode":"matchingAnyTag"},"is_exception":false} []
[2016-02-22 06:13:44] main.DEBUG: cache_invalidate:  {"method":"POST","url":"http://localhost/magento/setup/index.php/install/start","invalidateInfo":{"tags":["EAV_ATTRIBUTE"],"mode":"matchingAnyTag"},"is_exception":false} []
[2016-02-22 06:13:44] main.DEBUG: cache_invalidate:  {"method":"POST","url":"http://localhost/magento/setup/index.php/install/start","invalidateInfo":{"tags":["EAV_ATTRIBUTE_35","EAV_ATTRIBUTE"],"mode":"matchingAnyTag"},"is_exception":false} []
[2016-02-22 06:13:44] main.DEBUG: cache_invalidate:  {"method":"POST","url":"http://localhost/magento/setup/index.php/install/start","invalidateInfo":{"tags":["EAV_ATTRIBUTE_35","EAV_ATTRIBUTE"],"mode":"matchingAnyTag"},"is_exception":false} []
[2016-02-22 06:13:52] main.DEBUG: cache_invalidate:  {"method":"POST","url":"http://localhost/magento/setup/index.php/install/start","invalidateInfo":{"identifier":"DB_PDO_MYSQL_DDL_customer_grid_flat_1"},"is_exception":false} []
[2016-02-22 06:13:52] main.DEBUG: cache_invalidate:  {"method":"POST","url":"http://localhost/magento/setup/index.php/install/start","invalidateInfo":{"identifier":"DB_PDO_MYSQL_DDL_customer_grid_flat_2"},"is_exception":false} []
[2016-02-22 06:13:52] main.DEBUG: cache_invalidate:  {"method":"POST","url":"http://localhost/magento/setup/index.php/install/start","invalidateInfo":{"identifier":"DB_PDO_MYSQL_DDL_customer_grid_flat_3"},"is_exception":false} []
[2016-02-22 06:13:52] main.DEBUG: cache_invalidate:  {"method":"POST","url":"http://localhost/magento/setup/index.php/install/start","invalidateInfo":{"identifier":"DB_PDO_MYSQL_DDL_customer_grid_flat_4"},"is_exception":false} []
[2016-02-22 06:13:52] main.DEBUG: cache_invalidate:  {"method":"POST","url":"http://localhost/magento/setup/index.php/install/start","invalidateInfo":{"tags":["EAV","EAV_ATTRIBUTE"],"mode":"matchingAnyTag"},"is_exception":false} []
[2016-02-22 06:13:54] main.DEBUG: cache_invalidate:  {"method":"POST","url":"http://localhost/magento/setup/index.php/install/start","invalidateInfo":{"tags":["cms_page"],"mode":"matchingAnyTag"},"is_exception":false} []
[2016-02-22 06:13:54] main.DEBUG: cache_invalidate:  {"method":"POST","url":"http://localhost/magento/setup/index.php/install/start","invalidateInfo":{"tags":["cms_page_1","cms_page"],"mode":"matchingAnyTag"},"is_exception":false} []
[2016-02-22 06:13:54] main.DEBUG: cache_invalidate:  {"method":"POST","url":"http://localhost/magento/setup/index.php/install/start","invalidateInfo":{"tags":["cms_page_1","cms_page"],"mode":"matchingAnyTag"},"is_exception":false} []
[2016-02-22 06:13:54] main.DEBUG: cache_invalidate:  {"method":"POST","url":"http://localhost/magento/setup/index.php/install/start","invalidateInfo":{"tags":["cms_page"],"mode":"matchingAnyTag"},"is_exception":false} []
[2016-02-22 06:13:54] main.DEBUG: cache_invalidate:  {"method":"POST","url":"http://localhost/magento/setup/index.php/install/start","invalidateInfo":{"tags":["cms_page_2","cms_page"],"mode":"matchingAnyTag"},"is_exception":false} []
[2016-02-22 06:13:54] main.DEBUG: cache_invalidate:  {"method":"POST","url":"http://localhost/magento/setup/index.php/install/start","invalidateInfo":{"tags":["cms_page_2","cms_page"],"mode":"matchingAnyTag"},"is_exception":false} []
[2016-02-22 06:13:54] main.DEBUG: cache_invalidate:  {"method":"POST","url":"http://localhost/magento/setup/index.php/install/start","invalidateInfo":{"tags":["cms_page"],"mode":"matchingAnyTag"},"is_exception":false} []
[2016-02-22 06:13:54] main.DEBUG: cache_invalidate:  {"method":"POST","url":"http://localhost/magento/setup/index.php/install/start","invalidateInfo":{"tags":["cms_page_3","cms_page"],"mode":"matchingAnyTag"},"is_exception":false} []
[2016-02-22 06:13:54] main.DEBUG: cache_invalidate:  {"method":"POST","url":"http://localhost/magento/setup/index.php/install/start","invalidateInfo":{"tags":["cms_page_3","cms_page"],"mode":"matchingAnyTag"},"is_exception":false} []
[2016-02-22 06:13:54] main.DEBUG: cache_invalidate:  {"method":"POST","url":"http://localhost/magento/setup/index.php/install/start","invalidateInfo":{"tags":["cms_page"],"mode":"matchingAnyTag"},"is_exception":false} []
[2016-02-22 06:13:54] main.DEBUG: cache_invalidate:  {"method":"POST","url":"http://localhost/magento/setup/index.php/install/start","invalidateInfo":{"tags":["cms_page_4","cms_page"],"mode":"matchingAnyTag"},"is_exception":false} []
[2016-02-22 06:13:54] main.DEBUG: cache_invalidate:  {"method":"POST","url":"http://localhost/magento/setup/index.php/install/start","invalidateInfo":{"tags":["cms_page_4","cms_page"],"mode":"matchingAnyTag"},"is_exception":false} []
[2016-02-22 06:13:55] main.DEBUG: cache_invalidate:  {"method":"POST","url":"http://localhost/magento/setup/index.php/install/start","invalidateInfo":{"tags":["EAV"],"mode":"matchingAnyTag"},"is_exception":false} []
[2016-02-22 06:14:16] main.DEBUG: cache_invalidate:  {"method":"POST","url":"http://localhost/magento/setup/index.php/install/start","invalidateInfo":{"tags":["catalog_category"],"mode":"matchingAnyTag"},"is_exception":false} []
[2016-02-22 06:14:16] main.DEBUG: cache_invalidate:  {"method":"POST","url":"http://localhost/magento/setup/index.php/install/start","invalidateInfo":{"tags":["catalog_category_1","catalog_category_product_1","catalog_category","catalog_category_product"],"mode":"matchingAnyTag"},"is_exception":false} []
[2016-02-22 06:14:18] main.DEBUG: cache_invalidate:  {"method":"POST","url":"http://localhost/magento/setup/index.php/install/start","invalidateInfo":{"tags":["catalog_category_1","catalog_category_product_1","catalog_category","catalog_category_product"],"mode":"matchingAnyTag"},"is_exception":false} []
[2016-02-22 06:14:18] main.DEBUG: cache_invalidate:  {"method":"POST","url":"http://localhost/magento/setup/index.php/install/start","invalidateInfo":{"tags":["catalog_category"],"mode":"matchingAnyTag"},"is_exception":false} []
[2016-02-22 06:14:18] main.DEBUG: cache_invalidate:  {"method":"POST","url":"http://localhost/magento/setup/index.php/install/start","invalidateInfo":{"tags":["catalog_category_2","catalog_category_product_2","catalog_category","catalog_category_product"],"mode":"matchingAnyTag"},"is_exception":false} []
[2016-02-22 06:14:19] main.DEBUG: cache_invalidate:  {"method":"POST","url":"http://localhost/magento/setup/index.php/install/start","invalidateInfo":{"tags":["catalog_category_2","catalog_category_product_2","catalog_category","catalog_category_product"],"mode":"matchingAnyTag"},"is_exception":false} []
[2016-02-22 06:14:28] main.DEBUG: cache_invalidate:  {"method":"POST","url":"http://localhost/magento/setup/index.php/install/start","invalidateInfo":{"identifier":"DB_PDO_MYSQL_DDL_quote_address_1"},"is_exception":false} []
[2016-02-22 06:14:28] main.DEBUG: cache_invalidate:  {"method":"POST","url":"http://localhost/magento/setup/index.php/install/start","invalidateInfo":{"identifier":"DB_PDO_MYSQL_DDL_quote_address_2"},"is_exception":false} []
[2016-02-22 06:14:28] main.DEBUG: cache_invalidate:  {"method":"POST","url":"http://localhost/magento/setup/index.php/install/start","invalidateInfo":{"identifier":"DB_PDO_MYSQL_DDL_quote_address_3"},"is_exception":false} []
[2016-02-22 06:14:28] main.DEBUG: cache_invalidate:  {"method":"POST","url":"http://localhost/magento/setup/index.php/install/start","invalidateInfo":{"identifier":"DB_PDO_MYSQL_DDL_quote_address_4"},"is_exception":false} []
[2016-02-22 06:14:28] main.DEBUG: cache_invalidate:  {"method":"POST","url":"http://localhost/magento/setup/index.php/install/start","invalidateInfo":{"identifier":"DB_PDO_MYSQL_DDL_quote_address_1"},"is_exception":false} []
[2016-02-22 06:14:28] main.DEBUG: cache_invalidate:  {"method":"POST","url":"http://localhost/magento/setup/index.php/install/start","invalidateInfo":{"identifier":"DB_PDO_MYSQL_DDL_quote_address_2"},"is_exception":false} []
[2016-02-22 06:14:28] main.DEBUG: cache_invalidate:  {"method":"POST","url":"http://localhost/magento/setup/index.php/install/start","invalidateInfo":{"identifier":"DB_PDO_MYSQL_DDL_quote_address_3"},"is_exception":false} []
[2016-02-22 06:14:28] main.DEBUG: cache_invalidate:  {"method":"POST","url":"http://localhost/magento/setup/index.php/install/start","invalidateInfo":{"identifier":"DB_PDO_MYSQL_DDL_quote_address_4"},"is_exception":false} []
[2016-02-22 06:14:30] main.DEBUG: cache_invalidate:  {"method":"POST","url":"http://localhost/magento/setup/index.php/install/start","invalidateInfo":{"identifier":"DB_PDO_MYSQL_DDL_quote_address_1"},"is_exception":false} []
[2016-02-22 06:14:30] main.DEBUG: cache_invalidate:  {"method":"POST","url":"http://localhost/magento/setup/index.php/install/start","invalidateInfo":{"identifier":"DB_PDO_MYSQL_DDL_quote_address_2"},"is_exception":false} []
[2016-02-22 06:14:30] main.DEBUG: cache_invalidate:  {"method":"POST","url":"http://localhost/magento/setup/index.php/install/start","invalidateInfo":{"identifier":"DB_PDO_MYSQL_DDL_quote_address_3"},"is_exception":false} []
[2016-02-22 06:14:30] main.DEBUG: cache_invalidate:  {"method":"POST","url":"http://localhost/magento/setup/index.php/install/start","invalidateInfo":{"identifier":"DB_PDO_MYSQL_DDL_quote_address_4"},"is_exception":false} []
[2016-02-22 06:14:31] main.DEBUG: cache_invalidate:  {"method":"POST","url":"http://localhost/magento/setup/index.php/install/start","invalidateInfo":{"identifier":"DB_PDO_MYSQL_DDL_quote_address_1"},"is_exception":false} []
[2016-02-22 06:14:31] main.DEBUG: cache_invalidate:  {"method":"POST","url":"http://localhost/magento/setup/index.php/install/start","invalidateInfo":{"identifier":"DB_PDO_MYSQL_DDL_quote_address_2"},"is_exception":false} []
[2016-02-22 06:14:31] main.DEBUG: cache_invalidate:  {"method":"POST","url":"http://localhost/magento/setup/index.php/install/start","invalidateInfo":{"identifier":"DB_PDO_MYSQL_DDL_quote_address_3"},"is_exception":false} []
[2016-02-22 06:14:31] main.DEBUG: cache_invalidate:  {"method":"POST","url":"http://localhost/magento/setup/index.php/install/start","invalidateInfo":{"identifier":"DB_PDO_MYSQL_DDL_quote_address_4"},"is_exception":false} []
[2016-02-22 06:14:31] main.DEBUG: cache_invalidate:  {"method":"POST","url":"http://localhost/magento/setup/index.php/install/start","invalidateInfo":{"identifier":"DB_PDO_MYSQL_DDL_quote_address_1"},"is_exception":false} []
[2016-02-22 06:14:31] main.DEBUG: cache_invalidate:  {"method":"POST","url":"http://localhost/magento/setup/index.php/install/start","invalidateInfo":{"identifier":"DB_PDO_MYSQL_DDL_quote_address_2"},"is_exception":false} []
[2016-02-22 06:14:31] main.DEBUG: cache_invalidate:  {"method":"POST","url":"http://localhost/magento/setup/index.php/install/start","invalidateInfo":{"identifier":"DB_PDO_MYSQL_DDL_quote_address_3"},"is_exception":false} []
[2016-02-22 06:14:31] main.DEBUG: cache_invalidate:  {"method":"POST","url":"http://localhost/magento/setup/index.php/install/start","invalidateInfo":{"identifier":"DB_PDO_MYSQL_DDL_quote_address_4"},"is_exception":false} []
[2016-02-22 06:14:40] main.DEBUG: cache_invalidate:  {"method":"POST","url":"http://localhost/magento/setup/index.php/install/start","invalidateInfo":{"tags":["BACKEND_MAINMENU"],"mode":"matchingTag"},"is_exception":false} []
[2016-02-22 06:14:43] main.DEBUG: cache_invalidate:  {"method":"POST","url":"http://localhost/magento/setup/index.php/install/start","invalidateInfo":{"tags":["EAV"],"mode":"matchingAnyTag"},"is_exception":false} []
[2016-02-22 06:14:47] main.DEBUG: cache_invalidate:  {"method":"POST","url":"http://localhost/magento/setup/index.php/install/start","invalidateInfo":{"identifier":"DB_PDO_MYSQL_DDL_sales_order_address_1"},"is_exception":false} []
[2016-02-22 06:14:47] main.DEBUG: cache_invalidate:  {"method":"POST","url":"http://localhost/magento/setup/index.php/install/start","invalidateInfo":{"identifier":"DB_PDO_MYSQL_DDL_sales_order_address_2"},"is_exception":false} []
[2016-02-22 06:14:47] main.DEBUG: cache_invalidate:  {"method":"POST","url":"http://localhost/magento/setup/index.php/install/start","invalidateInfo":{"identifier":"DB_PDO_MYSQL_DDL_sales_order_address_3"},"is_exception":false} []
[2016-02-22 06:14:47] main.DEBUG: cache_invalidate:  {"method":"POST","url":"http://localhost/magento/setup/index.php/install/start","invalidateInfo":{"identifier":"DB_PDO_MYSQL_DDL_sales_order_address_4"},"is_exception":false} []
[2016-02-22 06:14:47] main.DEBUG: cache_invalidate:  {"method":"POST","url":"http://localhost/magento/setup/index.php/install/start","invalidateInfo":{"identifier":"DB_PDO_MYSQL_DDL_sales_order_address_1"},"is_exception":false} []
[2016-02-22 06:14:47] main.DEBUG: cache_invalidate:  {"method":"POST","url":"http://localhost/magento/setup/index.php/install/start","invalidateInfo":{"identifier":"DB_PDO_MYSQL_DDL_sales_order_address_2"},"is_exception":false} []
[2016-02-22 06:14:47] main.DEBUG: cache_invalidate:  {"method":"POST","url":"http://localhost/magento/setup/index.php/install/start","invalidateInfo":{"identifier":"DB_PDO_MYSQL_DDL_sales_order_address_3"},"is_exception":false} []
[2016-02-22 06:14:47] main.DEBUG: cache_invalidate:  {"method":"POST","url":"http://localhost/magento/setup/index.php/install/start","invalidateInfo":{"identifier":"DB_PDO_MYSQL_DDL_sales_order_address_4"},"is_exception":false} []
[2016-02-22 06:14:48] main.DEBUG: cache_invalidate:  {"method":"POST","url":"http://localhost/magento/setup/index.php/install/start","invalidateInfo":{"identifier":"DB_PDO_MYSQL_DDL_sales_order_address_1"},"is_exception":false} []
[2016-02-22 06:14:48] main.DEBUG: cache_invalidate:  {"method":"POST","url":"http://localhost/magento/setup/index.php/install/start","invalidateInfo":{"identifier":"DB_PDO_MYSQL_DDL_sales_order_address_2"},"is_exception":false} []
[2016-02-22 06:14:48] main.DEBUG: cache_invalidate:  {"method":"POST","url":"http://localhost/magento/setup/index.php/install/start","invalidateInfo":{"identifier":"DB_PDO_MYSQL_DDL_sales_order_address_3"},"is_exception":false} []
[2016-02-22 06:14:48] main.DEBUG: cache_invalidate:  {"method":"POST","url":"http://localhost/magento/setup/index.php/install/start","invalidateInfo":{"identifier":"DB_PDO_MYSQL_DDL_sales_order_address_4"},"is_exception":false} []
[2016-02-22 06:14:49] main.DEBUG: cache_invalidate:  {"method":"POST","url":"http://localhost/magento/setup/index.php/install/start","invalidateInfo":{"identifier":"DB_PDO_MYSQL_DDL_sales_order_address_1"},"is_exception":false} []
[2016-02-22 06:14:49] main.DEBUG: cache_invalidate:  {"method":"POST","url":"http://localhost/magento/setup/index.php/install/start","invalidateInfo":{"identifier":"DB_PDO_MYSQL_DDL_sales_order_address_2"},"is_exception":false} []
[2016-02-22 06:14:49] main.DEBUG: cache_invalidate:  {"method":"POST","url":"http://localhost/magento/setup/index.php/install/start","invalidateInfo":{"identifier":"DB_PDO_MYSQL_DDL_sales_order_address_3"},"is_exception":false} []
[2016-02-22 06:14:49] main.DEBUG: cache_invalidate:  {"method":"POST","url":"http://localhost/magento/setup/index.php/install/start","invalidateInfo":{"identifier":"DB_PDO_MYSQL_DDL_sales_order_address_4"},"is_exception":false} []
[2016-02-22 06:14:50] main.DEBUG: cache_invalidate:  {"method":"POST","url":"http://localhost/magento/setup/index.php/install/start","invalidateInfo":{"identifier":"DB_PDO_MYSQL_DDL_sales_order_address_1"},"is_exception":false} []
[2016-02-22 06:14:50] main.DEBUG: cache_invalidate:  {"method":"POST","url":"http://localhost/magento/setup/index.php/install/start","invalidateInfo":{"identifier":"DB_PDO_MYSQL_DDL_sales_order_address_2"},"is_exception":false} []
[2016-02-22 06:14:50] main.DEBUG: cache_invalidate:  {"method":"POST","url":"http://localhost/magento/setup/index.php/install/start","invalidateInfo":{"identifier":"DB_PDO_MYSQL_DDL_sales_order_address_3"},"is_exception":false} []
[2016-02-22 06:14:50] main.DEBUG: cache_invalidate:  {"method":"POST","url":"http://localhost/magento/setup/index.php/install/start","invalidateInfo":{"identifier":"DB_PDO_MYSQL_DDL_sales_order_address_4"},"is_exception":false} []
[2016-02-22 06:14:51] main.DEBUG: cache_invalidate:  {"method":"POST","url":"http://localhost/magento/setup/index.php/install/start","invalidateInfo":{"tags":["EAV","EAV_ATTRIBUTE"],"mode":"matchingAnyTag"},"is_exception":false} []
[2016-02-22 06:14:59] main.DEBUG: cache_invalidate:  {"method":"POST","url":"http://localhost/magento/setup/index.php/install/start","invalidateInfo":{"identifier":"DB_PDO_MYSQL_DDL_quote_payment_1"},"is_exception":false} []
[2016-02-22 06:14:59] main.DEBUG: cache_invalidate:  {"method":"POST","url":"http://localhost/magento/setup/index.php/install/start","invalidateInfo":{"identifier":"DB_PDO_MYSQL_DDL_quote_payment_2"},"is_exception":false} []
[2016-02-22 06:14:59] main.DEBUG: cache_invalidate:  {"method":"POST","url":"http://localhost/magento/setup/index.php/install/start","invalidateInfo":{"identifier":"DB_PDO_MYSQL_DDL_quote_payment_3"},"is_exception":false} []
[2016-02-22 06:14:59] main.DEBUG: cache_invalidate:  {"method":"POST","url":"http://localhost/magento/setup/index.php/install/start","invalidateInfo":{"identifier":"DB_PDO_MYSQL_DDL_quote_payment_4"},"is_exception":false} []
[2016-02-22 06:15:00] main.DEBUG: cache_invalidate:  {"method":"POST","url":"http://localhost/magento/setup/index.php/install/start","invalidateInfo":{"identifier":"DB_PDO_MYSQL_DDL_quote_payment_1"},"is_exception":false} []
[2016-02-22 06:15:00] main.DEBUG: cache_invalidate:  {"method":"POST","url":"http://localhost/magento/setup/index.php/install/start","invalidateInfo":{"identifier":"DB_PDO_MYSQL_DDL_quote_payment_2"},"is_exception":false} []
[2016-02-22 06:15:00] main.DEBUG: cache_invalidate:  {"method":"POST","url":"http://localhost/magento/setup/index.php/install/start","invalidateInfo":{"identifier":"DB_PDO_MYSQL_DDL_quote_payment_3"},"is_exception":false} []
[2016-02-22 06:15:00] main.DEBUG: cache_invalidate:  {"method":"POST","url":"http://localhost/magento/setup/index.php/install/start","invalidateInfo":{"identifier":"DB_PDO_MYSQL_DDL_quote_payment_4"},"is_exception":false} []
[2016-02-22 06:15:00] main.DEBUG: cache_invalidate:  {"method":"POST","url":"http://localhost/magento/setup/index.php/install/start","invalidateInfo":{"identifier":"DB_PDO_MYSQL_DDL_quote_payment_1"},"is_exception":false} []
[2016-02-22 06:15:00] main.DEBUG: cache_invalidate:  {"method":"POST","url":"http://localhost/magento/setup/index.php/install/start","invalidateInfo":{"identifier":"DB_PDO_MYSQL_DDL_quote_payment_2"},"is_exception":false} []
[2016-02-22 06:15:00] main.DEBUG: cache_invalidate:  {"method":"POST","url":"http://localhost/magento/setup/index.php/install/start","invalidateInfo":{"identifier":"DB_PDO_MYSQL_DDL_quote_payment_3"},"is_exception":false} []
[2016-02-22 06:15:00] main.DEBUG: cache_invalidate:  {"method":"POST","url":"http://localhost/magento/setup/index.php/install/start","invalidateInfo":{"identifier":"DB_PDO_MYSQL_DDL_quote_payment_4"},"is_exception":false} []
[2016-02-22 06:15:02] main.DEBUG: cache_invalidate:  {"method":"POST","url":"http://localhost/magento/setup/index.php/install/start","invalidateInfo":{"identifier":"DB_PDO_MYSQL_DDL_sales_order_1"},"is_exception":false} []
[2016-02-22 06:15:02] main.DEBUG: cache_invalidate:  {"method":"POST","url":"http://localhost/magento/setup/index.php/install/start","invalidateInfo":{"identifier":"DB_PDO_MYSQL_DDL_sales_order_2"},"is_exception":false} []
[2016-02-22 06:15:02] main.DEBUG: cache_invalidate:  {"method":"POST","url":"http://localhost/magento/setup/index.php/install/start","invalidateInfo":{"identifier":"DB_PDO_MYSQL_DDL_sales_order_3"},"is_exception":false} []
[2016-02-22 06:15:02] main.DEBUG: cache_invalidate:  {"method":"POST","url":"http://localhost/magento/setup/index.php/install/start","invalidateInfo":{"identifier":"DB_PDO_MYSQL_DDL_sales_order_4"},"is_exception":false} []
[2016-02-22 06:15:04] main.DEBUG: cache_invalidate:  {"method":"POST","url":"http://localhost/magento/setup/index.php/install/start","invalidateInfo":{"tags":["cms_page"],"mode":"matchingAnyTag"},"is_exception":false} []
[2016-02-22 06:15:04] main.DEBUG: cache_invalidate:  {"method":"POST","url":"http://localhost/magento/setup/index.php/install/start","invalidateInfo":{"tags":["cms_page_2","cms_page"],"mode":"matchingAnyTag"},"is_exception":false} []
[2016-02-22 06:15:04] main.DEBUG: cache_invalidate:  {"method":"POST","url":"http://localhost/magento/setup/index.php/install/start","invalidateInfo":{"tags":["cms_page_2","cms_page"],"mode":"matchingAnyTag"},"is_exception":false} []
[2016-02-22 06:15:09] main.DEBUG: cache_invalidate:  {"method":"POST","url":"http://localhost/magento/setup/index.php/install/start","invalidateInfo":{"tags":["EAV","EAV_ATTRIBUTE"],"mode":"matchingAnyTag"},"is_exception":false} []
[2016-02-22 06:15:09] main.DEBUG: cache_invalidate:  {"method":"POST","url":"http://localhost/magento/setup/index.php/install/start","invalidateInfo":{"tags":["EAV_ATTRIBUTE"],"mode":"matchingAnyTag"},"is_exception":false} []
[2016-02-22 06:15:09] main.DEBUG: cache_invalidate:  {"method":"POST","url":"http://localhost/magento/setup/index.php/install/start","invalidateInfo":{"tags":["EAV_ATTRIBUTE_71","EAV_ATTRIBUTE"],"mode":"matchingAnyTag"},"is_exception":false} []
[2016-02-22 06:15:10] main.DEBUG: cache_invalidate:  {"method":"POST","url":"http://localhost/magento/setup/index.php/install/start","invalidateInfo":{"tags":["EAV_ATTRIBUTE_71","EAV_ATTRIBUTE"],"mode":"matchingAnyTag"},"is_exception":false} []
[2016-02-22 06:15:10] main.DEBUG: cache_invalidate:  {"method":"POST","url":"http://localhost/magento/setup/index.php/install/start","invalidateInfo":{"tags":["EAV","EAV_ATTRIBUTE"],"mode":"matchingAnyTag"},"is_exception":false} []
[2016-02-22 06:15:10] main.DEBUG: cache_invalidate:  {"method":"POST","url":"http://localhost/magento/setup/index.php/install/start","invalidateInfo":{"tags":["EAV_ATTRIBUTE"],"mode":"matchingAnyTag"},"is_exception":false} []
[2016-02-22 06:15:10] main.DEBUG: cache_invalidate:  {"method":"POST","url":"http://localhost/magento/setup/index.php/install/start","invalidateInfo":{"tags":["EAV_ATTRIBUTE_70","EAV_ATTRIBUTE"],"mode":"matchingAnyTag"},"is_exception":false} []
[2016-02-22 06:15:10] main.DEBUG: cache_invalidate:  {"method":"POST","url":"http://localhost/magento/setup/index.php/install/start","invalidateInfo":{"tags":["EAV_ATTRIBUTE_70","EAV_ATTRIBUTE"],"mode":"matchingAnyTag"},"is_exception":false} []
[2016-02-22 06:15:15] main.DEBUG: cache_invalidate:  {"method":"POST","url":"http://localhost/magento/setup/index.php/install/start","invalidateInfo":{"identifier":"DB_PDO_MYSQL_DDL_catalogsearch_fulltext_scope1_1"},"is_exception":false} []
[2016-02-22 06:15:15] main.DEBUG: cache_invalidate:  {"method":"POST","url":"http://localhost/magento/setup/index.php/install/start","invalidateInfo":{"identifier":"DB_PDO_MYSQL_DDL_catalogsearch_fulltext_scope1_2"},"is_exception":false} []
[2016-02-22 06:15:15] main.DEBUG: cache_invalidate:  {"method":"POST","url":"http://localhost/magento/setup/index.php/install/start","invalidateInfo":{"identifier":"DB_PDO_MYSQL_DDL_catalogsearch_fulltext_scope1_3"},"is_exception":false} []
[2016-02-22 06:15:15] main.DEBUG: cache_invalidate:  {"method":"POST","url":"http://localhost/magento/setup/index.php/install/start","invalidateInfo":{"identifier":"DB_PDO_MYSQL_DDL_catalogsearch_fulltext_scope1_4"},"is_exception":false} []
[2016-02-22 06:15:15] main.DEBUG: cache_invalidate:  {"method":"POST","url":"http://localhost/magento/setup/index.php/install/start","invalidateInfo":{"identifier":"request_declaration"},"is_exception":false} []
[2016-02-22 06:15:19] main.DEBUG: cache_invalidate:  {"method":"POST","url":"http://localhost/magento/setup/index.php/install/start","invalidateInfo":{"identifier":"DB_PDO_MYSQL_DDL_quote_1"},"is_exception":false} []
[2016-02-22 06:15:19] main.DEBUG: cache_invalidate:  {"method":"POST","url":"http://localhost/magento/setup/index.php/install/start","invalidateInfo":{"identifier":"DB_PDO_MYSQL_DDL_quote_2"},"is_exception":false} []
[2016-02-22 06:15:19] main.DEBUG: cache_invalidate:  {"method":"POST","url":"http://localhost/magento/setup/index.php/install/start","invalidateInfo":{"identifier":"DB_PDO_MYSQL_DDL_quote_3"},"is_exception":false} []
[2016-02-22 06:15:19] main.DEBUG: cache_invalidate:  {"method":"POST","url":"http://localhost/magento/setup/index.php/install/start","invalidateInfo":{"identifier":"DB_PDO_MYSQL_DDL_quote_4"},"is_exception":false} []
[2016-02-22 06:15:20] main.DEBUG: cache_invalidate:  {"method":"POST","url":"http://localhost/magento/setup/index.php/install/start","invalidateInfo":{"identifier":"DB_PDO_MYSQL_DDL_quote_address_1"},"is_exception":false} []
[2016-02-22 06:15:20] main.DEBUG: cache_invalidate:  {"method":"POST","url":"http://localhost/magento/setup/index.php/install/start","invalidateInfo":{"identifier":"DB_PDO_MYSQL_DDL_quote_address_2"},"is_exception":false} []
[2016-02-22 06:15:20] main.DEBUG: cache_invalidate:  {"method":"POST","url":"http://localhost/magento/setup/index.php/install/start","invalidateInfo":{"identifier":"DB_PDO_MYSQL_DDL_quote_address_3"},"is_exception":false} []
[2016-02-22 06:15:20] main.DEBUG: cache_invalidate:  {"method":"POST","url":"http://localhost/magento/setup/index.php/install/start","invalidateInfo":{"identifier":"DB_PDO_MYSQL_DDL_quote_address_4"},"is_exception":false} []
[2016-02-22 06:15:22] main.DEBUG: cache_invalidate:  {"method":"POST","url":"http://localhost/magento/setup/index.php/install/start","invalidateInfo":{"identifier":"DB_PDO_MYSQL_DDL_quote_item_1"},"is_exception":false} []
[2016-02-22 06:15:22] main.DEBUG: cache_invalidate:  {"method":"POST","url":"http://localhost/magento/setup/index.php/install/start","invalidateInfo":{"identifier":"DB_PDO_MYSQL_DDL_quote_item_2"},"is_exception":false} []
[2016-02-22 06:15:22] main.DEBUG: cache_invalidate:  {"method":"POST","url":"http://localhost/magento/setup/index.php/install/start","invalidateInfo":{"identifier":"DB_PDO_MYSQL_DDL_quote_item_3"},"is_exception":false} []
[2016-02-22 06:15:22] main.DEBUG: cache_invalidate:  {"method":"POST","url":"http://localhost/magento/setup/index.php/install/start","invalidateInfo":{"identifier":"DB_PDO_MYSQL_DDL_quote_item_4"},"is_exception":false} []
[2016-02-22 06:15:23] main.DEBUG: cache_invalidate:  {"method":"POST","url":"http://localhost/magento/setup/index.php/install/start","invalidateInfo":{"identifier":"DB_PDO_MYSQL_DDL_quote_address_item_1"},"is_exception":false} []
[2016-02-22 06:15:23] main.DEBUG: cache_invalidate:  {"method":"POST","url":"http://localhost/magento/setup/index.php/install/start","invalidateInfo":{"identifier":"DB_PDO_MYSQL_DDL_quote_address_item_2"},"is_exception":false} []
[2016-02-22 06:15:23] main.DEBUG: cache_invalidate:  {"method":"POST","url":"http://localhost/magento/setup/index.php/install/start","invalidateInfo":{"identifier":"DB_PDO_MYSQL_DDL_quote_address_item_3"},"is_exception":false} []
[2016-02-22 06:15:23] main.DEBUG: cache_invalidate:  {"method":"POST","url":"http://localhost/magento/setup/index.php/install/start","invalidateInfo":{"identifier":"DB_PDO_MYSQL_DDL_quote_address_item_4"},"is_exception":false} []
[2016-02-22 06:15:25] main.DEBUG: cache_invalidate:  {"method":"POST","url":"http://localhost/magento/setup/index.php/install/start","invalidateInfo":{"identifier":"DB_PDO_MYSQL_DDL_sales_order_1"},"is_exception":false} []
[2016-02-22 06:15:25] main.DEBUG: cache_invalidate:  {"method":"POST","url":"http://localhost/magento/setup/index.php/install/start","invalidateInfo":{"identifier":"DB_PDO_MYSQL_DDL_sales_order_2"},"is_exception":false} []
[2016-02-22 06:15:25] main.DEBUG: cache_invalidate:  {"method":"POST","url":"http://localhost/magento/setup/index.php/install/start","invalidateInfo":{"identifier":"DB_PDO_MYSQL_DDL_sales_order_3"},"is_exception":false} []
[2016-02-22 06:15:25] main.DEBUG: cache_invalidate:  {"method":"POST","url":"http://localhost/magento/setup/index.php/install/start","invalidateInfo":{"identifier":"DB_PDO_MYSQL_DDL_sales_order_4"},"is_exception":false} []
[2016-02-22 06:15:26] main.DEBUG: cache_invalidate:  {"method":"POST","url":"http://localhost/magento/setup/index.php/install/start","invalidateInfo":{"identifier":"DB_PDO_MYSQL_DDL_sales_order_item_1"},"is_exception":false} []
[2016-02-22 06:15:26] main.DEBUG: cache_invalidate:  {"method":"POST","url":"http://localhost/magento/setup/index.php/install/start","invalidateInfo":{"identifier":"DB_PDO_MYSQL_DDL_sales_order_item_2"},"is_exception":false} []
[2016-02-22 06:15:26] main.DEBUG: cache_invalidate:  {"method":"POST","url":"http://localhost/magento/setup/index.php/install/start","invalidateInfo":{"identifier":"DB_PDO_MYSQL_DDL_sales_order_item_3"},"is_exception":false} []
[2016-02-22 06:15:26] main.DEBUG: cache_invalidate:  {"method":"POST","url":"http://localhost/magento/setup/index.php/install/start","invalidateInfo":{"identifier":"DB_PDO_MYSQL_DDL_sales_order_item_4"},"is_exception":false} []
[2016-02-22 06:15:26] main.DEBUG: cache_invalidate:  {"method":"POST","url":"http://localhost/magento/setup/index.php/install/start","invalidateInfo":{"identifier":"DB_PDO_MYSQL_DDL_sales_order_item_1"},"is_exception":false} []
[2016-02-22 06:15:26] main.DEBUG: cache_invalidate:  {"method":"POST","url":"http://localhost/magento/setup/index.php/install/start","invalidateInfo":{"identifier":"DB_PDO_MYSQL_DDL_sales_order_item_2"},"is_exception":false} []
[2016-02-22 06:15:26] main.DEBUG: cache_invalidate:  {"method":"POST","url":"http://localhost/magento/setup/index.php/install/start","invalidateInfo":{"identifier":"DB_PDO_MYSQL_DDL_sales_order_item_3"},"is_exception":false} []
[2016-02-22 06:15:26] main.DEBUG: cache_invalidate:  {"method":"POST","url":"http://localhost/magento/setup/index.php/install/start","invalidateInfo":{"identifier":"DB_PDO_MYSQL_DDL_sales_order_item_4"},"is_exception":false} []
[2016-02-22 06:15:31] main.DEBUG: cache_invalidate:  {"method":"POST","url":"http://localhost/magento/setup/index.php/install/start","invalidateInfo":{"identifier":"DB_PDO_MYSQL_DDL_quote_item_1"},"is_exception":false} []
[2016-02-22 06:15:31] main.DEBUG: cache_invalidate:  {"method":"POST","url":"http://localhost/magento/setup/index.php/install/start","invalidateInfo":{"identifier":"DB_PDO_MYSQL_DDL_quote_item_2"},"is_exception":false} []
[2016-02-22 06:15:31] main.DEBUG: cache_invalidate:  {"method":"POST","url":"http://localhost/magento/setup/index.php/install/start","invalidateInfo":{"identifier":"DB_PDO_MYSQL_DDL_quote_item_3"},"is_exception":false} []
[2016-02-22 06:15:31] main.DEBUG: cache_invalidate:  {"method":"POST","url":"http://localhost/magento/setup/index.php/install/start","invalidateInfo":{"identifier":"DB_PDO_MYSQL_DDL_quote_item_4"},"is_exception":false} []
[2016-02-22 06:15:32] main.DEBUG: cache_invalidate:  {"method":"POST","url":"http://localhost/magento/setup/index.php/install/start","invalidateInfo":{"identifier":"DB_PDO_MYSQL_DDL_quote_item_1"},"is_exception":false} []
[2016-02-22 06:15:32] main.DEBUG: cache_invalidate:  {"method":"POST","url":"http://localhost/magento/setup/index.php/install/start","invalidateInfo":{"identifier":"DB_PDO_MYSQL_DDL_quote_item_2"},"is_exception":false} []
[2016-02-22 06:15:32] main.DEBUG: cache_invalidate:  {"method":"POST","url":"http://localhost/magento/setup/index.php/install/start","invalidateInfo":{"identifier":"DB_PDO_MYSQL_DDL_quote_item_3"},"is_exception":false} []
[2016-02-22 06:15:32] main.DEBUG: cache_invalidate:  {"method":"POST","url":"http://localhost/magento/setup/index.php/install/start","invalidateInfo":{"identifier":"DB_PDO_MYSQL_DDL_quote_item_4"},"is_exception":false} []
[2016-02-22 06:15:32] main.DEBUG: cache_invalidate:  {"method":"POST","url":"http://localhost/magento/setup/index.php/install/start","invalidateInfo":{"identifier":"DB_PDO_MYSQL_DDL_quote_item_1"},"is_exception":false} []
[2016-02-22 06:15:32] main.DEBUG: cache_invalidate:  {"method":"POST","url":"http://localhost/magento/setup/index.php/install/start","invalidateInfo":{"identifier":"DB_PDO_MYSQL_DDL_quote_item_2"},"is_exception":false} []
[2016-02-22 06:15:32] main.DEBUG: cache_invalidate:  {"method":"POST","url":"http://localhost/magento/setup/index.php/install/start","invalidateInfo":{"identifier":"DB_PDO_MYSQL_DDL_quote_item_3"},"is_exception":false} []
[2016-02-22 06:15:32] main.DEBUG: cache_invalidate:  {"method":"POST","url":"http://localhost/magento/setup/index.php/install/start","invalidateInfo":{"identifier":"DB_PDO_MYSQL_DDL_quote_item_4"},"is_exception":false} []
[2016-02-22 06:15:34] main.DEBUG: cache_invalidate:  {"method":"POST","url":"http://localhost/magento/setup/index.php/install/start","invalidateInfo":{"identifier":"DB_PDO_MYSQL_DDL_quote_item_1"},"is_exception":false} []
[2016-02-22 06:15:34] main.DEBUG: cache_invalidate:  {"method":"POST","url":"http://localhost/magento/setup/index.php/install/start","invalidateInfo":{"identifier":"DB_PDO_MYSQL_DDL_quote_item_2"},"is_exception":false} []
[2016-02-22 06:15:34] main.DEBUG: cache_invalidate:  {"method":"POST","url":"http://localhost/magento/setup/index.php/install/start","invalidateInfo":{"identifier":"DB_PDO_MYSQL_DDL_quote_item_3"},"is_exception":false} []
[2016-02-22 06:15:34] main.DEBUG: cache_invalidate:  {"method":"POST","url":"http://localhost/magento/setup/index.php/install/start","invalidateInfo":{"identifier":"DB_PDO_MYSQL_DDL_quote_item_4"},"is_exception":false} []
[2016-02-22 06:15:35] main.DEBUG: cache_invalidate:  {"method":"POST","url":"http://localhost/magento/setup/index.php/install/start","invalidateInfo":{"identifier":"DB_PDO_MYSQL_DDL_quote_item_1"},"is_exception":false} []
[2016-02-22 06:15:35] main.DEBUG: cache_invalidate:  {"method":"POST","url":"http://localhost/magento/setup/index.php/install/start","invalidateInfo":{"identifier":"DB_PDO_MYSQL_DDL_quote_item_2"},"is_exception":false} []
[2016-02-22 06:15:35] main.DEBUG: cache_invalidate:  {"method":"POST","url":"http://localhost/magento/setup/index.php/install/start","invalidateInfo":{"identifier":"DB_PDO_MYSQL_DDL_quote_item_3"},"is_exception":false} []
[2016-02-22 06:15:35] main.DEBUG: cache_invalidate:  {"method":"POST","url":"http://localhost/magento/setup/index.php/install/start","invalidateInfo":{"identifier":"DB_PDO_MYSQL_DDL_quote_item_4"},"is_exception":false} []
[2016-02-22 06:15:36] main.DEBUG: cache_invalidate:  {"method":"POST","url":"http://localhost/magento/setup/index.php/install/start","invalidateInfo":{"identifier":"DB_PDO_MYSQL_DDL_quote_item_1"},"is_exception":false} []
[2016-02-22 06:15:36] main.DEBUG: cache_invalidate:  {"method":"POST","url":"http://localhost/magento/setup/index.php/install/start","invalidateInfo":{"identifier":"DB_PDO_MYSQL_DDL_quote_item_2"},"is_exception":false} []
[2016-02-22 06:15:36] main.DEBUG: cache_invalidate:  {"method":"POST","url":"http://localhost/magento/setup/index.php/install/start","invalidateInfo":{"identifier":"DB_PDO_MYSQL_DDL_quote_item_3"},"is_exception":false} []
[2016-02-22 06:15:36] main.DEBUG: cache_invalidate:  {"method":"POST","url":"http://localhost/magento/setup/index.php/install/start","invalidateInfo":{"identifier":"DB_PDO_MYSQL_DDL_quote_item_4"},"is_exception":false} []
[2016-02-22 06:15:37] main.DEBUG: cache_invalidate:  {"method":"POST","url":"http://localhost/magento/setup/index.php/install/start","invalidateInfo":{"identifier":"DB_PDO_MYSQL_DDL_quote_item_1"},"is_exception":false} []
[2016-02-22 06:15:37] main.DEBUG: cache_invalidate:  {"method":"POST","url":"http://localhost/magento/setup/index.php/install/start","invalidateInfo":{"identifier":"DB_PDO_MYSQL_DDL_quote_item_2"},"is_exception":false} []
[2016-02-22 06:15:37] main.DEBUG: cache_invalidate:  {"method":"POST","url":"http://localhost/magento/setup/index.php/install/start","invalidateInfo":{"identifier":"DB_PDO_MYSQL_DDL_quote_item_3"},"is_exception":false} []
[2016-02-22 06:15:37] main.DEBUG: cache_invalidate:  {"method":"POST","url":"http://localhost/magento/setup/index.php/install/start","invalidateInfo":{"identifier":"DB_PDO_MYSQL_DDL_quote_item_4"},"is_exception":false} []
[2016-02-22 06:15:38] main.DEBUG: cache_invalidate:  {"method":"POST","url":"http://localhost/magento/setup/index.php/install/start","invalidateInfo":{"identifier":"DB_PDO_MYSQL_DDL_quote_item_1"},"is_exception":false} []
[2016-02-22 06:15:38] main.DEBUG: cache_invalidate:  {"method":"POST","url":"http://localhost/magento/setup/index.php/install/start","invalidateInfo":{"identifier":"DB_PDO_MYSQL_DDL_quote_item_2"},"is_exception":false} []
[2016-02-22 06:15:38] main.DEBUG: cache_invalidate:  {"method":"POST","url":"http://localhost/magento/setup/index.php/install/start","invalidateInfo":{"identifier":"DB_PDO_MYSQL_DDL_quote_item_3"},"is_exception":false} []
[2016-02-22 06:15:38] main.DEBUG: cache_invalidate:  {"method":"POST","url":"http://localhost/magento/setup/index.php/install/start","invalidateInfo":{"identifier":"DB_PDO_MYSQL_DDL_quote_item_4"},"is_exception":false} []
[2016-02-22 06:15:38] main.DEBUG: cache_invalidate:  {"method":"POST","url":"http://localhost/magento/setup/index.php/install/start","invalidateInfo":{"identifier":"DB_PDO_MYSQL_DDL_quote_item_1"},"is_exception":false} []
[2016-02-22 06:15:38] main.DEBUG: cache_invalidate:  {"method":"POST","url":"http://localhost/magento/setup/index.php/install/start","invalidateInfo":{"identifier":"DB_PDO_MYSQL_DDL_quote_item_2"},"is_exception":false} []
[2016-02-22 06:15:38] main.DEBUG: cache_invalidate:  {"method":"POST","url":"http://localhost/magento/setup/index.php/install/start","invalidateInfo":{"identifier":"DB_PDO_MYSQL_DDL_quote_item_3"},"is_exception":false} []
[2016-02-22 06:15:38] main.DEBUG: cache_invalidate:  {"method":"POST","url":"http://localhost/magento/setup/index.php/install/start","invalidateInfo":{"identifier":"DB_PDO_MYSQL_DDL_quote_item_4"},"is_exception":false} []
[2016-02-22 06:15:39] main.DEBUG: cache_invalidate:  {"method":"POST","url":"http://localhost/magento/setup/index.php/install/start","invalidateInfo":{"identifier":"DB_PDO_MYSQL_DDL_sales_order_item_1"},"is_exception":false} []
[2016-02-22 06:15:39] main.DEBUG: cache_invalidate:  {"method":"POST","url":"http://localhost/magento/setup/index.php/install/start","invalidateInfo":{"identifier":"DB_PDO_MYSQL_DDL_sales_order_item_2"},"is_exception":false} []
[2016-02-22 06:15:39] main.DEBUG: cache_invalidate:  {"method":"POST","url":"http://localhost/magento/setup/index.php/install/start","invalidateInfo":{"identifier":"DB_PDO_MYSQL_DDL_sales_order_item_3"},"is_exception":false} []
[2016-02-22 06:15:39] main.DEBUG: cache_invalidate:  {"method":"POST","url":"http://localhost/magento/setup/index.php/install/start","invalidateInfo":{"identifier":"DB_PDO_MYSQL_DDL_sales_order_item_4"},"is_exception":false} []
[2016-02-22 06:15:40] main.DEBUG: cache_invalidate:  {"method":"POST","url":"http://localhost/magento/setup/index.php/install/start","invalidateInfo":{"identifier":"DB_PDO_MYSQL_DDL_sales_order_item_1"},"is_exception":false} []
[2016-02-22 06:15:40] main.DEBUG: cache_invalidate:  {"method":"POST","url":"http://localhost/magento/setup/index.php/install/start","invalidateInfo":{"identifier":"DB_PDO_MYSQL_DDL_sales_order_item_2"},"is_exception":false} []
[2016-02-22 06:15:40] main.DEBUG: cache_invalidate:  {"method":"POST","url":"http://localhost/magento/setup/index.php/install/start","invalidateInfo":{"identifier":"DB_PDO_MYSQL_DDL_sales_order_item_3"},"is_exception":false} []
[2016-02-22 06:15:40] main.DEBUG: cache_invalidate:  {"method":"POST","url":"http://localhost/magento/setup/index.php/install/start","invalidateInfo":{"identifier":"DB_PDO_MYSQL_DDL_sales_order_item_4"},"is_exception":false} []
[2016-02-22 06:15:41] main.DEBUG: cache_invalidate:  {"method":"POST","url":"http://localhost/magento/setup/index.php/install/start","invalidateInfo":{"identifier":"DB_PDO_MYSQL_DDL_sales_order_item_1"},"is_exception":false} []
[2016-02-22 06:15:41] main.DEBUG: cache_invalidate:  {"method":"POST","url":"http://localhost/magento/setup/index.php/install/start","invalidateInfo":{"identifier":"DB_PDO_MYSQL_DDL_sales_order_item_2"},"is_exception":false} []
[2016-02-22 06:15:41] main.DEBUG: cache_invalidate:  {"method":"POST","url":"http://localhost/magento/setup/index.php/install/start","invalidateInfo":{"identifier":"DB_PDO_MYSQL_DDL_sales_order_item_3"},"is_exception":false} []
[2016-02-22 06:15:41] main.DEBUG: cache_invalidate:  {"method":"POST","url":"http://localhost/magento/setup/index.php/install/start","invalidateInfo":{"identifier":"DB_PDO_MYSQL_DDL_sales_order_item_4"},"is_exception":false} []
[2016-02-22 06:15:42] main.DEBUG: cache_invalidate:  {"method":"POST","url":"http://localhost/magento/setup/index.php/install/start","invalidateInfo":{"identifier":"DB_PDO_MYSQL_DDL_sales_order_item_1"},"is_exception":false} []
[2016-02-22 06:15:42] main.DEBUG: cache_invalidate:  {"method":"POST","url":"http://localhost/magento/setup/index.php/install/start","invalidateInfo":{"identifier":"DB_PDO_MYSQL_DDL_sales_order_item_2"},"is_exception":false} []
[2016-02-22 06:15:42] main.DEBUG: cache_invalidate:  {"method":"POST","url":"http://localhost/magento/setup/index.php/install/start","invalidateInfo":{"identifier":"DB_PDO_MYSQL_DDL_sales_order_item_3"},"is_exception":false} []
[2016-02-22 06:15:42] main.DEBUG: cache_invalidate:  {"method":"POST","url":"http://localhost/magento/setup/index.php/install/start","invalidateInfo":{"identifier":"DB_PDO_MYSQL_DDL_sales_order_item_4"},"is_exception":false} []
[2016-02-22 06:15:43] main.DEBUG: cache_invalidate:  {"method":"POST","url":"http://localhost/magento/setup/index.php/install/start","invalidateInfo":{"identifier":"DB_PDO_MYSQL_DDL_sales_order_item_1"},"is_exception":false} []
[2016-02-22 06:15:43] main.DEBUG: cache_invalidate:  {"method":"POST","url":"http://localhost/magento/setup/index.php/install/start","invalidateInfo":{"identifier":"DB_PDO_MYSQL_DDL_sales_order_item_2"},"is_exception":false} []
[2016-02-22 06:15:43] main.DEBUG: cache_invalidate:  {"method":"POST","url":"http://localhost/magento/setup/index.php/install/start","invalidateInfo":{"identifier":"DB_PDO_MYSQL_DDL_sales_order_item_3"},"is_exception":false} []
[2016-02-22 06:15:43] main.DEBUG: cache_invalidate:  {"method":"POST","url":"http://localhost/magento/setup/index.php/install/start","invalidateInfo":{"identifier":"DB_PDO_MYSQL_DDL_sales_order_item_4"},"is_exception":false} []
[2016-02-22 06:15:43] main.DEBUG: cache_invalidate:  {"method":"POST","url":"http://localhost/magento/setup/index.php/install/start","invalidateInfo":{"identifier":"DB_PDO_MYSQL_DDL_sales_order_item_1"},"is_exception":false} []
[2016-02-22 06:15:43] main.DEBUG: cache_invalidate:  {"method":"POST","url":"http://localhost/magento/setup/index.php/install/start","invalidateInfo":{"identifier":"DB_PDO_MYSQL_DDL_sales_order_item_2"},"is_exception":false} []
[2016-02-22 06:15:43] main.DEBUG: cache_invalidate:  {"method":"POST","url":"http://localhost/magento/setup/index.php/install/start","invalidateInfo":{"identifier":"DB_PDO_MYSQL_DDL_sales_order_item_3"},"is_exception":false} []
[2016-02-22 06:15:43] main.DEBUG: cache_invalidate:  {"method":"POST","url":"http://localhost/magento/setup/index.php/install/start","invalidateInfo":{"identifier":"DB_PDO_MYSQL_DDL_sales_order_item_4"},"is_exception":false} []
[2016-02-22 06:15:44] main.DEBUG: cache_invalidate:  {"method":"POST","url":"http://localhost/magento/setup/index.php/install/start","invalidateInfo":{"identifier":"DB_PDO_MYSQL_DDL_sales_order_item_1"},"is_exception":false} []
[2016-02-22 06:15:44] main.DEBUG: cache_invalidate:  {"method":"POST","url":"http://localhost/magento/setup/index.php/install/start","invalidateInfo":{"identifier":"DB_PDO_MYSQL_DDL_sales_order_item_2"},"is_exception":false} []
[2016-02-22 06:15:44] main.DEBUG: cache_invalidate:  {"method":"POST","url":"http://localhost/magento/setup/index.php/install/start","invalidateInfo":{"identifier":"DB_PDO_MYSQL_DDL_sales_order_item_3"},"is_exception":false} []
[2016-02-22 06:15:44] main.DEBUG: cache_invalidate:  {"method":"POST","url":"http://localhost/magento/setup/index.php/install/start","invalidateInfo":{"identifier":"DB_PDO_MYSQL_DDL_sales_order_item_4"},"is_exception":false} []
[2016-02-22 06:15:45] main.DEBUG: cache_invalidate:  {"method":"POST","url":"http://localhost/magento/setup/index.php/install/start","invalidateInfo":{"identifier":"DB_PDO_MYSQL_DDL_sales_order_item_1"},"is_exception":false} []
[2016-02-22 06:15:45] main.DEBUG: cache_invalidate:  {"method":"POST","url":"http://localhost/magento/setup/index.php/install/start","invalidateInfo":{"identifier":"DB_PDO_MYSQL_DDL_sales_order_item_2"},"is_exception":false} []
[2016-02-22 06:15:45] main.DEBUG: cache_invalidate:  {"method":"POST","url":"http://localhost/magento/setup/index.php/install/start","invalidateInfo":{"identifier":"DB_PDO_MYSQL_DDL_sales_order_item_3"},"is_exception":false} []
[2016-02-22 06:15:45] main.DEBUG: cache_invalidate:  {"method":"POST","url":"http://localhost/magento/setup/index.php/install/start","invalidateInfo":{"identifier":"DB_PDO_MYSQL_DDL_sales_order_item_4"},"is_exception":false} []
[2016-02-22 06:15:46] main.DEBUG: cache_invalidate:  {"method":"POST","url":"http://localhost/magento/setup/index.php/install/start","invalidateInfo":{"identifier":"DB_PDO_MYSQL_DDL_sales_order_item_1"},"is_exception":false} []
[2016-02-22 06:15:46] main.DEBUG: cache_invalidate:  {"method":"POST","url":"http://localhost/magento/setup/index.php/install/start","invalidateInfo":{"identifier":"DB_PDO_MYSQL_DDL_sales_order_item_2"},"is_exception":false} []
[2016-02-22 06:15:46] main.DEBUG: cache_invalidate:  {"method":"POST","url":"http://localhost/magento/setup/index.php/install/start","invalidateInfo":{"identifier":"DB_PDO_MYSQL_DDL_sales_order_item_3"},"is_exception":false} []
[2016-02-22 06:15:46] main.DEBUG: cache_invalidate:  {"method":"POST","url":"http://localhost/magento/setup/index.php/install/start","invalidateInfo":{"identifier":"DB_PDO_MYSQL_DDL_sales_order_item_4"},"is_exception":false} []
[2016-02-22 06:15:47] main.DEBUG: cache_invalidate:  {"method":"POST","url":"http://localhost/magento/setup/index.php/install/start","invalidateInfo":{"identifier":"DB_PDO_MYSQL_DDL_sales_invoice_item_1"},"is_exception":false} []
[2016-02-22 06:15:47] main.DEBUG: cache_invalidate:  {"method":"POST","url":"http://localhost/magento/setup/index.php/install/start","invalidateInfo":{"identifier":"DB_PDO_MYSQL_DDL_sales_invoice_item_2"},"is_exception":false} []
[2016-02-22 06:15:47] main.DEBUG: cache_invalidate:  {"method":"POST","url":"http://localhost/magento/setup/index.php/install/start","invalidateInfo":{"identifier":"DB_PDO_MYSQL_DDL_sales_invoice_item_3"},"is_exception":false} []
[2016-02-22 06:15:47] main.DEBUG: cache_invalidate:  {"method":"POST","url":"http://localhost/magento/setup/index.php/install/start","invalidateInfo":{"identifier":"DB_PDO_MYSQL_DDL_sales_invoice_item_4"},"is_exception":false} []
[2016-02-22 06:15:48] main.DEBUG: cache_invalidate:  {"method":"POST","url":"http://localhost/magento/setup/index.php/install/start","invalidateInfo":{"identifier":"DB_PDO_MYSQL_DDL_sales_invoice_item_1"},"is_exception":false} []
[2016-02-22 06:15:48] main.DEBUG: cache_invalidate:  {"method":"POST","url":"http://localhost/magento/setup/index.php/install/start","invalidateInfo":{"identifier":"DB_PDO_MYSQL_DDL_sales_invoice_item_2"},"is_exception":false} []
[2016-02-22 06:15:48] main.DEBUG: cache_invalidate:  {"method":"POST","url":"http://localhost/magento/setup/index.php/install/start","invalidateInfo":{"identifier":"DB_PDO_MYSQL_DDL_sales_invoice_item_3"},"is_exception":false} []
[2016-02-22 06:15:48] main.DEBUG: cache_invalidate:  {"method":"POST","url":"http://localhost/magento/setup/index.php/install/start","invalidateInfo":{"identifier":"DB_PDO_MYSQL_DDL_sales_invoice_item_4"},"is_exception":false} []
[2016-02-22 06:15:49] main.DEBUG: cache_invalidate:  {"method":"POST","url":"http://localhost/magento/setup/index.php/install/start","invalidateInfo":{"identifier":"DB_PDO_MYSQL_DDL_sales_invoice_item_1"},"is_exception":false} []
[2016-02-22 06:15:49] main.DEBUG: cache_invalidate:  {"method":"POST","url":"http://localhost/magento/setup/index.php/install/start","invalidateInfo":{"identifier":"DB_PDO_MYSQL_DDL_sales_invoice_item_2"},"is_exception":false} []
[2016-02-22 06:15:49] main.DEBUG: cache_invalidate:  {"method":"POST","url":"http://localhost/magento/setup/index.php/install/start","invalidateInfo":{"identifier":"DB_PDO_MYSQL_DDL_sales_invoice_item_3"},"is_exception":false} []
[2016-02-22 06:15:49] main.DEBUG: cache_invalidate:  {"method":"POST","url":"http://localhost/magento/setup/index.php/install/start","invalidateInfo":{"identifier":"DB_PDO_MYSQL_DDL_sales_invoice_item_4"},"is_exception":false} []
[2016-02-22 06:15:49] main.DEBUG: cache_invalidate:  {"method":"POST","url":"http://localhost/magento/setup/index.php/install/start","invalidateInfo":{"identifier":"DB_PDO_MYSQL_DDL_sales_invoice_item_1"},"is_exception":false} []
[2016-02-22 06:15:49] main.DEBUG: cache_invalidate:  {"method":"POST","url":"http://localhost/magento/setup/index.php/install/start","invalidateInfo":{"identifier":"DB_PDO_MYSQL_DDL_sales_invoice_item_2"},"is_exception":false} []
[2016-02-22 06:15:49] main.DEBUG: cache_invalidate:  {"method":"POST","url":"http://localhost/magento/setup/index.php/install/start","invalidateInfo":{"identifier":"DB_PDO_MYSQL_DDL_sales_invoice_item_3"},"is_exception":false} []
[2016-02-22 06:15:49] main.DEBUG: cache_invalidate:  {"method":"POST","url":"http://localhost/magento/setup/index.php/install/start","invalidateInfo":{"identifier":"DB_PDO_MYSQL_DDL_sales_invoice_item_4"},"is_exception":false} []
[2016-02-22 06:15:50] main.DEBUG: cache_invalidate:  {"method":"POST","url":"http://localhost/magento/setup/index.php/install/start","invalidateInfo":{"identifier":"DB_PDO_MYSQL_DDL_sales_invoice_item_1"},"is_exception":false} []
[2016-02-22 06:15:50] main.DEBUG: cache_invalidate:  {"method":"POST","url":"http://localhost/magento/setup/index.php/install/start","invalidateInfo":{"identifier":"DB_PDO_MYSQL_DDL_sales_invoice_item_2"},"is_exception":false} []
[2016-02-22 06:15:50] main.DEBUG: cache_invalidate:  {"method":"POST","url":"http://localhost/magento/setup/index.php/install/start","invalidateInfo":{"identifier":"DB_PDO_MYSQL_DDL_sales_invoice_item_3"},"is_exception":false} []
[2016-02-22 06:15:50] main.DEBUG: cache_invalidate:  {"method":"POST","url":"http://localhost/magento/setup/index.php/install/start","invalidateInfo":{"identifier":"DB_PDO_MYSQL_DDL_sales_invoice_item_4"},"is_exception":false} []
[2016-02-22 06:15:51] main.DEBUG: cache_invalidate:  {"method":"POST","url":"http://localhost/magento/setup/index.php/install/start","invalidateInfo":{"identifier":"DB_PDO_MYSQL_DDL_sales_invoice_item_1"},"is_exception":false} []
[2016-02-22 06:15:51] main.DEBUG: cache_invalidate:  {"method":"POST","url":"http://localhost/magento/setup/index.php/install/start","invalidateInfo":{"identifier":"DB_PDO_MYSQL_DDL_sales_invoice_item_2"},"is_exception":false} []
[2016-02-22 06:15:51] main.DEBUG: cache_invalidate:  {"method":"POST","url":"http://localhost/magento/setup/index.php/install/start","invalidateInfo":{"identifier":"DB_PDO_MYSQL_DDL_sales_invoice_item_3"},"is_exception":false} []
[2016-02-22 06:15:51] main.DEBUG: cache_invalidate:  {"method":"POST","url":"http://localhost/magento/setup/index.php/install/start","invalidateInfo":{"identifier":"DB_PDO_MYSQL_DDL_sales_invoice_item_4"},"is_exception":false} []
[2016-02-22 06:15:52] main.DEBUG: cache_invalidate:  {"method":"POST","url":"http://localhost/magento/setup/index.php/install/start","invalidateInfo":{"identifier":"DB_PDO_MYSQL_DDL_sales_invoice_item_1"},"is_exception":false} []
[2016-02-22 06:15:52] main.DEBUG: cache_invalidate:  {"method":"POST","url":"http://localhost/magento/setup/index.php/install/start","invalidateInfo":{"identifier":"DB_PDO_MYSQL_DDL_sales_invoice_item_2"},"is_exception":false} []
[2016-02-22 06:15:52] main.DEBUG: cache_invalidate:  {"method":"POST","url":"http://localhost/magento/setup/index.php/install/start","invalidateInfo":{"identifier":"DB_PDO_MYSQL_DDL_sales_invoice_item_3"},"is_exception":false} []
[2016-02-22 06:15:52] main.DEBUG: cache_invalidate:  {"method":"POST","url":"http://localhost/magento/setup/index.php/install/start","invalidateInfo":{"identifier":"DB_PDO_MYSQL_DDL_sales_invoice_item_4"},"is_exception":false} []
[2016-02-22 06:15:53] main.DEBUG: cache_invalidate:  {"method":"POST","url":"http://localhost/magento/setup/index.php/install/start","invalidateInfo":{"identifier":"DB_PDO_MYSQL_DDL_sales_invoice_item_1"},"is_exception":false} []
[2016-02-22 06:15:53] main.DEBUG: cache_invalidate:  {"method":"POST","url":"http://localhost/magento/setup/index.php/install/start","invalidateInfo":{"identifier":"DB_PDO_MYSQL_DDL_sales_invoice_item_2"},"is_exception":false} []
[2016-02-22 06:15:53] main.DEBUG: cache_invalidate:  {"method":"POST","url":"http://localhost/magento/setup/index.php/install/start","invalidateInfo":{"identifier":"DB_PDO_MYSQL_DDL_sales_invoice_item_3"},"is_exception":false} []
[2016-02-22 06:15:53] main.DEBUG: cache_invalidate:  {"method":"POST","url":"http://localhost/magento/setup/index.php/install/start","invalidateInfo":{"identifier":"DB_PDO_MYSQL_DDL_sales_invoice_item_4"},"is_exception":false} []
[2016-02-22 06:15:54] main.DEBUG: cache_invalidate:  {"method":"POST","url":"http://localhost/magento/setup/index.php/install/start","invalidateInfo":{"identifier":"DB_PDO_MYSQL_DDL_sales_invoice_item_1"},"is_exception":false} []
[2016-02-22 06:15:54] main.DEBUG: cache_invalidate:  {"method":"POST","url":"http://localhost/magento/setup/index.php/install/start","invalidateInfo":{"identifier":"DB_PDO_MYSQL_DDL_sales_invoice_item_2"},"is_exception":false} []
[2016-02-22 06:15:54] main.DEBUG: cache_invalidate:  {"method":"POST","url":"http://localhost/magento/setup/index.php/install/start","invalidateInfo":{"identifier":"DB_PDO_MYSQL_DDL_sales_invoice_item_3"},"is_exception":false} []
[2016-02-22 06:15:54] main.DEBUG: cache_invalidate:  {"method":"POST","url":"http://localhost/magento/setup/index.php/install/start","invalidateInfo":{"identifier":"DB_PDO_MYSQL_DDL_sales_invoice_item_4"},"is_exception":false} []
[2016-02-22 06:15:55] main.DEBUG: cache_invalidate:  {"method":"POST","url":"http://localhost/magento/setup/index.php/install/start","invalidateInfo":{"identifier":"DB_PDO_MYSQL_DDL_sales_creditmemo_item_1"},"is_exception":false} []
[2016-02-22 06:15:55] main.DEBUG: cache_invalidate:  {"method":"POST","url":"http://localhost/magento/setup/index.php/install/start","invalidateInfo":{"identifier":"DB_PDO_MYSQL_DDL_sales_creditmemo_item_2"},"is_exception":false} []
[2016-02-22 06:15:55] main.DEBUG: cache_invalidate:  {"method":"POST","url":"http://localhost/magento/setup/index.php/install/start","invalidateInfo":{"identifier":"DB_PDO_MYSQL_DDL_sales_creditmemo_item_3"},"is_exception":false} []
[2016-02-22 06:15:55] main.DEBUG: cache_invalidate:  {"method":"POST","url":"http://localhost/magento/setup/index.php/install/start","invalidateInfo":{"identifier":"DB_PDO_MYSQL_DDL_sales_creditmemo_item_4"},"is_exception":false} []
[2016-02-22 06:15:56] main.DEBUG: cache_invalidate:  {"method":"POST","url":"http://localhost/magento/setup/index.php/install/start","invalidateInfo":{"identifier":"DB_PDO_MYSQL_DDL_sales_creditmemo_item_1"},"is_exception":false} []
[2016-02-22 06:15:56] main.DEBUG: cache_invalidate:  {"method":"POST","url":"http://localhost/magento/setup/index.php/install/start","invalidateInfo":{"identifier":"DB_PDO_MYSQL_DDL_sales_creditmemo_item_2"},"is_exception":false} []
[2016-02-22 06:15:56] main.DEBUG: cache_invalidate:  {"method":"POST","url":"http://localhost/magento/setup/index.php/install/start","invalidateInfo":{"identifier":"DB_PDO_MYSQL_DDL_sales_creditmemo_item_3"},"is_exception":false} []
[2016-02-22 06:15:56] main.DEBUG: cache_invalidate:  {"method":"POST","url":"http://localhost/magento/setup/index.php/install/start","invalidateInfo":{"identifier":"DB_PDO_MYSQL_DDL_sales_creditmemo_item_4"},"is_exception":false} []
[2016-02-22 06:15:57] main.DEBUG: cache_invalidate:  {"method":"POST","url":"http://localhost/magento/setup/index.php/install/start","invalidateInfo":{"identifier":"DB_PDO_MYSQL_DDL_sales_creditmemo_item_1"},"is_exception":false} []
[2016-02-22 06:15:57] main.DEBUG: cache_invalidate:  {"method":"POST","url":"http://localhost/magento/setup/index.php/install/start","invalidateInfo":{"identifier":"DB_PDO_MYSQL_DDL_sales_creditmemo_item_2"},"is_exception":false} []
[2016-02-22 06:15:57] main.DEBUG: cache_invalidate:  {"method":"POST","url":"http://localhost/magento/setup/index.php/install/start","invalidateInfo":{"identifier":"DB_PDO_MYSQL_DDL_sales_creditmemo_item_3"},"is_exception":false} []
[2016-02-22 06:15:57] main.DEBUG: cache_invalidate:  {"method":"POST","url":"http://localhost/magento/setup/index.php/install/start","invalidateInfo":{"identifier":"DB_PDO_MYSQL_DDL_sales_creditmemo_item_4"},"is_exception":false} []
[2016-02-22 06:15:58] main.DEBUG: cache_invalidate:  {"method":"POST","url":"http://localhost/magento/setup/index.php/install/start","invalidateInfo":{"identifier":"DB_PDO_MYSQL_DDL_sales_creditmemo_item_1"},"is_exception":false} []
[2016-02-22 06:15:58] main.DEBUG: cache_invalidate:  {"method":"POST","url":"http://localhost/magento/setup/index.php/install/start","invalidateInfo":{"identifier":"DB_PDO_MYSQL_DDL_sales_creditmemo_item_2"},"is_exception":false} []
[2016-02-22 06:15:58] main.DEBUG: cache_invalidate:  {"method":"POST","url":"http://localhost/magento/setup/index.php/install/start","invalidateInfo":{"identifier":"DB_PDO_MYSQL_DDL_sales_creditmemo_item_3"},"is_exception":false} []
[2016-02-22 06:15:58] main.DEBUG: cache_invalidate:  {"method":"POST","url":"http://localhost/magento/setup/index.php/install/start","invalidateInfo":{"identifier":"DB_PDO_MYSQL_DDL_sales_creditmemo_item_4"},"is_exception":false} []
[2016-02-22 06:15:59] main.DEBUG: cache_invalidate:  {"method":"POST","url":"http://localhost/magento/setup/index.php/install/start","invalidateInfo":{"identifier":"DB_PDO_MYSQL_DDL_sales_creditmemo_item_1"},"is_exception":false} []
[2016-02-22 06:15:59] main.DEBUG: cache_invalidate:  {"method":"POST","url":"http://localhost/magento/setup/index.php/install/start","invalidateInfo":{"identifier":"DB_PDO_MYSQL_DDL_sales_creditmemo_item_2"},"is_exception":false} []
[2016-02-22 06:15:59] main.DEBUG: cache_invalidate:  {"method":"POST","url":"http://localhost/magento/setup/index.php/install/start","invalidateInfo":{"identifier":"DB_PDO_MYSQL_DDL_sales_creditmemo_item_3"},"is_exception":false} []
[2016-02-22 06:15:59] main.DEBUG: cache_invalidate:  {"method":"POST","url":"http://localhost/magento/setup/index.php/install/start","invalidateInfo":{"identifier":"DB_PDO_MYSQL_DDL_sales_creditmemo_item_4"},"is_exception":false} []
[2016-02-22 06:16:00] main.DEBUG: cache_invalidate:  {"method":"POST","url":"http://localhost/magento/setup/index.php/install/start","invalidateInfo":{"identifier":"DB_PDO_MYSQL_DDL_sales_creditmemo_item_1"},"is_exception":false} []
[2016-02-22 06:16:00] main.DEBUG: cache_invalidate:  {"method":"POST","url":"http://localhost/magento/setup/index.php/install/start","invalidateInfo":{"identifier":"DB_PDO_MYSQL_DDL_sales_creditmemo_item_2"},"is_exception":false} []
[2016-02-22 06:16:00] main.DEBUG: cache_invalidate:  {"method":"POST","url":"http://localhost/magento/setup/index.php/install/start","invalidateInfo":{"identifier":"DB_PDO_MYSQL_DDL_sales_creditmemo_item_3"},"is_exception":false} []
[2016-02-22 06:16:00] main.DEBUG: cache_invalidate:  {"method":"POST","url":"http://localhost/magento/setup/index.php/install/start","invalidateInfo":{"identifier":"DB_PDO_MYSQL_DDL_sales_creditmemo_item_4"},"is_exception":false} []
[2016-02-22 06:16:00] main.DEBUG: cache_invalidate:  {"method":"POST","url":"http://localhost/magento/setup/index.php/install/start","invalidateInfo":{"identifier":"DB_PDO_MYSQL_DDL_sales_creditmemo_item_1"},"is_exception":false} []
[2016-02-22 06:16:00] main.DEBUG: cache_invalidate:  {"method":"POST","url":"http://localhost/magento/setup/index.php/install/start","invalidateInfo":{"identifier":"DB_PDO_MYSQL_DDL_sales_creditmemo_item_2"},"is_exception":false} []
[2016-02-22 06:16:00] main.DEBUG: cache_invalidate:  {"method":"POST","url":"http://localhost/magento/setup/index.php/install/start","invalidateInfo":{"identifier":"DB_PDO_MYSQL_DDL_sales_creditmemo_item_3"},"is_exception":false} []
[2016-02-22 06:16:00] main.DEBUG: cache_invalidate:  {"method":"POST","url":"http://localhost/magento/setup/index.php/install/start","invalidateInfo":{"identifier":"DB_PDO_MYSQL_DDL_sales_creditmemo_item_4"},"is_exception":false} []
[2016-02-22 06:16:01] main.DEBUG: cache_invalidate:  {"method":"POST","url":"http://localhost/magento/setup/index.php/install/start","invalidateInfo":{"identifier":"DB_PDO_MYSQL_DDL_sales_creditmemo_item_1"},"is_exception":false} []
[2016-02-22 06:16:01] main.DEBUG: cache_invalidate:  {"method":"POST","url":"http://localhost/magento/setup/index.php/install/start","invalidateInfo":{"identifier":"DB_PDO_MYSQL_DDL_sales_creditmemo_item_2"},"is_exception":false} []
[2016-02-22 06:16:01] main.DEBUG: cache_invalidate:  {"method":"POST","url":"http://localhost/magento/setup/index.php/install/start","invalidateInfo":{"identifier":"DB_PDO_MYSQL_DDL_sales_creditmemo_item_3"},"is_exception":false} []
[2016-02-22 06:16:01] main.DEBUG: cache_invalidate:  {"method":"POST","url":"http://localhost/magento/setup/index.php/install/start","invalidateInfo":{"identifier":"DB_PDO_MYSQL_DDL_sales_creditmemo_item_4"},"is_exception":false} []
[2016-02-22 06:16:02] main.DEBUG: cache_invalidate:  {"method":"POST","url":"http://localhost/magento/setup/index.php/install/start","invalidateInfo":{"identifier":"DB_PDO_MYSQL_DDL_sales_creditmemo_item_1"},"is_exception":false} []
[2016-02-22 06:16:02] main.DEBUG: cache_invalidate:  {"method":"POST","url":"http://localhost/magento/setup/index.php/install/start","invalidateInfo":{"identifier":"DB_PDO_MYSQL_DDL_sales_creditmemo_item_2"},"is_exception":false} []
[2016-02-22 06:16:02] main.DEBUG: cache_invalidate:  {"method":"POST","url":"http://localhost/magento/setup/index.php/install/start","invalidateInfo":{"identifier":"DB_PDO_MYSQL_DDL_sales_creditmemo_item_3"},"is_exception":false} []
[2016-02-22 06:16:02] main.DEBUG: cache_invalidate:  {"method":"POST","url":"http://localhost/magento/setup/index.php/install/start","invalidateInfo":{"identifier":"DB_PDO_MYSQL_DDL_sales_creditmemo_item_4"},"is_exception":false} []
[2016-02-22 06:16:02] main.DEBUG: cache_invalidate:  {"method":"POST","url":"http://localhost/magento/setup/index.php/install/start","invalidateInfo":{"tags":["CONFIG"],"mode":"matchingTag"},"is_exception":false} []
[2016-02-22 06:16:02] main.DEBUG: cache_invalidate:  {"method":"POST","url":"http://localhost/magento/setup/index.php/install/start","invalidateInfo":{"tags":["LAYOUT_GENERAL_CACHE_TAG"],"mode":"matchingTag"},"is_exception":false} []
[2016-02-22 06:16:02] main.DEBUG: cache_invalidate:  {"method":"POST","url":"http://localhost/magento/setup/index.php/install/start","invalidateInfo":{"tags":["BLOCK_HTML"],"mode":"matchingTag"},"is_exception":false} []
[2016-02-22 06:16:02] main.DEBUG: cache_invalidate:  {"method":"POST","url":"http://localhost/magento/setup/index.php/install/start","invalidateInfo":{"tags":["COLLECTION_DATA"],"mode":"matchingTag"},"is_exception":false} []
[2016-02-22 06:16:02] main.DEBUG: cache_invalidate:  {"method":"POST","url":"http://localhost/magento/setup/index.php/install/start","invalidateInfo":{"tags":["REFLECTION"],"mode":"matchingTag"},"is_exception":false} []
[2016-02-22 06:16:02] main.DEBUG: cache_invalidate:  {"method":"POST","url":"http://localhost/magento/setup/index.php/install/start","invalidateInfo":{"tags":["DB_DDL"],"mode":"matchingTag"},"is_exception":false} []
[2016-02-22 06:16:02] main.DEBUG: cache_invalidate:  {"method":"POST","url":"http://localhost/magento/setup/index.php/install/start","invalidateInfo":{"tags":["EAV"],"mode":"matchingTag"},"is_exception":false} []
[2016-02-22 06:16:02] main.DEBUG: cache_invalidate:  {"method":"POST","url":"http://localhost/magento/setup/index.php/install/start","invalidateInfo":{"tags":["INTEGRATION"],"mode":"matchingTag"},"is_exception":false} []
[2016-02-22 06:16:02] main.DEBUG: cache_invalidate:  {"method":"POST","url":"http://localhost/magento/setup/index.php/install/start","invalidateInfo":{"tags":["INTEGRATION_API_CONFIG"],"mode":"matchingTag"},"is_exception":false} []
[2016-02-22 06:16:02] main.DEBUG: cache_invalidate:  {"method":"POST","url":"http://localhost/magento/setup/index.php/install/start","invalidateInfo":{"tags":["FPC"],"mode":"matchingTag"},"is_exception":false} []
[2016-02-22 06:16:02] main.DEBUG: cache_invalidate:  {"method":"POST","url":"http://localhost/magento/setup/index.php/install/start","invalidateInfo":{"tags":["TRANSLATE"],"mode":"matchingTag"},"is_exception":false} []
[2016-02-22 06:16:02] main.DEBUG: cache_invalidate:  {"method":"POST","url":"http://localhost/magento/setup/index.php/install/start","invalidateInfo":{"tags":["WEBSERVICE"],"mode":"matchingTag"},"is_exception":false} []
[2016-02-22 06:16:04] main.DEBUG: cache_invalidate:  {"method":"GET","url":"http://localhost/magento/setup/index.php/success","invalidateInfo":{"tags":["interception","CONFIG"],"mode":"matchingTag"},"is_exception":false} []
[2016-02-22 06:55:30] main.DEBUG: cache_invalidate:  {"method":"POST","url":"http://localhost/magento/admin/admin/index/index/key/cce553ff979ed14aeb39bdf0c3deeb105c1071ffb9dc731065c44f6cf568f56b/","invalidateInfo":{"tags":["BACKEND_MAINMENU"],"mode":"matchingAnyTag"},"is_exception":false} []
